<?xml version="1.0" encoding="UTF-8"?>
<coverage generated="1737050820608" clover="3.2.0">
  <project timestamp="1737050820608" name="All files">
    <metrics statements="257" coveredstatements="128" conditionals="66" coveredconditionals="14" methods="48" coveredmethods="18" elements="371" coveredelements="160" complexity="0" loc="257" ncloc="257" packages="6" files="18" classes="18"/>
    <package name="parkmeFree">
      <metrics statements="22" coveredstatements="20" conditionals="6" coveredconditionals="4" methods="4" coveredmethods="2"/>
      <file name="app.js" path="C:\Users\Prêt maintenant\Desktop\M51-cours\semestre 5\ArchiOWeb\parkmeFree\app.js">
        <metrics statements="22" coveredstatements="20" conditionals="6" coveredconditionals="4" methods="4" coveredmethods="2"/>
        <line num="15" count="2" type="stmt"/>
        <line num="17" count="2" type="stmt"/>
        <line num="18" count="0" type="stmt"/>
        <line num="20" count="2" type="stmt"/>
        <line num="22" count="2" type="stmt"/>
        <line num="24" count="2" type="stmt"/>
        <line num="25" count="2" type="stmt"/>
        <line num="26" count="2" type="stmt"/>
        <line num="28" count="2" type="stmt"/>
        <line num="29" count="2" type="stmt"/>
        <line num="30" count="2" type="stmt"/>
        <line num="31" count="2" type="stmt"/>
        <line num="32" count="2" type="stmt"/>
        <line num="33" count="2" type="stmt"/>
        <line num="34" count="2" type="stmt"/>
        <line num="39" count="2" type="stmt"/>
        <line num="40" count="0" type="stmt"/>
        <line num="44" count="2" type="stmt"/>
        <line num="46" count="2" type="stmt"/>
        <line num="47" count="2" type="cond" truecount="1" falsecount="1"/>
        <line num="50" count="2" type="cond" truecount="2" falsecount="0"/>
        <line num="51" count="2" type="stmt"/>
      </file>
    </package>
    <package name="parkmeFree.config">
      <metrics statements="7" coveredstatements="6" conditionals="0" coveredconditionals="0" methods="1" coveredmethods="0"/>
      <file name="cloudinaryConfig.js" path="C:\Users\Prêt maintenant\Desktop\M51-cours\semestre 5\ArchiOWeb\parkmeFree\config\cloudinaryConfig.js">
        <metrics statements="1" coveredstatements="1" conditionals="0" coveredconditionals="0" methods="0" coveredmethods="0"/>
        <line num="3" count="2" type="stmt"/>
      </file>
      <file name="config.js" path="C:\Users\Prêt maintenant\Desktop\M51-cours\semestre 5\ArchiOWeb\parkmeFree\config\config.js">
        <metrics statements="1" coveredstatements="1" conditionals="0" coveredconditionals="0" methods="0" coveredmethods="0"/>
        <line num="1" count="2" type="stmt"/>
      </file>
      <file name="onesignal.js" path="C:\Users\Prêt maintenant\Desktop\M51-cours\semestre 5\ArchiOWeb\parkmeFree\config\onesignal.js">
        <metrics statements="5" coveredstatements="4" conditionals="0" coveredconditionals="0" methods="1" coveredmethods="0"/>
        <line num="3" count="2" type="stmt"/>
        <line num="5" count="2" type="stmt"/>
        <line num="7" count="0" type="stmt"/>
        <line num="11" count="2" type="stmt"/>
        <line num="19" count="2" type="stmt"/>
      </file>
    </package>
    <package name="parkmeFree.model">
      <metrics statements="20" coveredstatements="14" conditionals="18" coveredconditionals="0" methods="8" coveredmethods="2"/>
      <file name="Car.js" path="C:\Users\Prêt maintenant\Desktop\M51-cours\semestre 5\ArchiOWeb\parkmeFree\model\Car.js">
        <metrics statements="5" coveredstatements="5" conditionals="0" coveredconditionals="0" methods="1" coveredmethods="1"/>
        <line num="4" count="2" type="stmt"/>
        <line num="34" count="2" type="stmt"/>
        <line num="40" count="7" type="stmt"/>
        <line num="41" count="7" type="stmt"/>
        <line num="43" count="2" type="stmt"/>
      </file>
      <file name="Park.js" path="C:\Users\Prêt maintenant\Desktop\M51-cours\semestre 5\ArchiOWeb\parkmeFree\model\Park.js">
        <metrics statements="5" coveredstatements="2" conditionals="9" coveredconditionals="0" methods="3" coveredmethods="0"/>
        <line num="4" count="2" type="stmt"/>
        <line num="49" count="0" type="cond" truecount="0" falsecount="5"/>
        <line num="53" count="0" type="cond" truecount="0" falsecount="2"/>
        <line num="57" count="0" type="cond" truecount="0" falsecount="2"/>
        <line num="61" count="2" type="stmt"/>
      </file>
      <file name="ParkingSession.js" path="C:\Users\Prêt maintenant\Desktop\M51-cours\semestre 5\ArchiOWeb\parkmeFree\model\ParkingSession.js">
        <metrics statements="5" coveredstatements="2" conditionals="9" coveredconditionals="0" methods="3" coveredmethods="0"/>
        <line num="4" count="2" type="stmt"/>
        <line num="44" count="0" type="cond" truecount="0" falsecount="5"/>
        <line num="48" count="0" type="cond" truecount="0" falsecount="2"/>
        <line num="52" count="0" type="cond" truecount="0" falsecount="2"/>
        <line num="57" count="2" type="stmt"/>
      </file>
      <file name="User.js" path="C:\Users\Prêt maintenant\Desktop\M51-cours\semestre 5\ArchiOWeb\parkmeFree\model\User.js">
        <metrics statements="5" coveredstatements="5" conditionals="0" coveredconditionals="0" methods="1" coveredmethods="1"/>
        <line num="8" count="2" type="stmt"/>
        <line num="57" count="2" type="stmt"/>
        <line num="63" count="3" type="stmt"/>
        <line num="64" count="3" type="stmt"/>
        <line num="68" count="2" type="stmt"/>
      </file>
    </package>
    <package name="parkmeFree.routes">
      <metrics statements="176" coveredstatements="68" conditionals="34" coveredconditionals="6" methods="28" coveredmethods="8"/>
      <file name="cars.js" path="C:\Users\Prêt maintenant\Desktop\M51-cours\semestre 5\ArchiOWeb\parkmeFree\routes\cars.js">
        <metrics statements="35" coveredstatements="14" conditionals="6" coveredconditionals="1" methods="5" coveredmethods="2"/>
        <line num="4" count="2" type="stmt"/>
        <line num="41" count="2" type="stmt"/>
        <line num="42" count="2" type="stmt"/>
        <line num="43" count="2" type="stmt"/>
        <line num="44" count="2" type="stmt"/>
        <line num="46" count="0" type="stmt"/>
        <line num="92" count="2" type="stmt"/>
        <line num="93" count="2" type="stmt"/>
        <line num="94" count="2" type="stmt"/>
        <line num="95" count="1" type="cond" truecount="1" falsecount="1"/>
        <line num="96" count="0" type="stmt"/>
        <line num="98" count="1" type="stmt"/>
        <line num="100" count="1" type="stmt"/>
        <line num="143" count="2" type="stmt"/>
        <line num="144" count="0" type="stmt"/>
        <line num="145" count="0" type="stmt"/>
        <line num="146" count="0" type="stmt"/>
        <line num="147" count="0" type="stmt"/>
        <line num="148" count="0" type="stmt"/>
        <line num="150" count="0" type="stmt"/>
        <line num="151" count="0" type="stmt"/>
        <line num="191" count="2" type="stmt"/>
        <line num="192" count="0" type="stmt"/>
        <line num="193" count="0" type="stmt"/>
        <line num="197" count="0" type="cond" truecount="0" falsecount="2"/>
        <line num="198" count="0" type="stmt"/>
        <line num="200" count="0" type="stmt"/>
        <line num="202" count="0" type="stmt"/>
        <line num="237" count="2" type="stmt"/>
        <line num="238" count="0" type="stmt"/>
        <line num="239" count="0" type="stmt"/>
        <line num="240" count="0" type="cond" truecount="0" falsecount="2"/>
        <line num="241" count="0" type="stmt"/>
        <line num="243" count="0" type="stmt"/>
        <line num="245" count="0" type="stmt"/>
      </file>
      <file name="index.js" path="C:\Users\Prêt maintenant\Desktop\M51-cours\semestre 5\ArchiOWeb\parkmeFree\routes\index.js">
        <metrics statements="3" coveredstatements="2" conditionals="0" coveredconditionals="0" methods="1" coveredmethods="0"/>
        <line num="3" count="2" type="stmt"/>
        <line num="21" count="2" type="stmt"/>
        <line num="22" count="0" type="stmt"/>
      </file>
      <file name="login.js" path="C:\Users\Prêt maintenant\Desktop\M51-cours\semestre 5\ArchiOWeb\parkmeFree\routes\login.js">
        <metrics statements="19" coveredstatements="3" conditionals="8" coveredconditionals="0" methods="3" coveredmethods="0"/>
        <line num="7" count="2" type="stmt"/>
        <line num="9" count="2" type="stmt"/>
        <line num="41" count="2" type="stmt"/>
        <line num="42" count="0" type="stmt"/>
        <line num="43" count="0" type="stmt"/>
        <line num="44" count="0" type="cond" truecount="0" falsecount="2"/>
        <line num="45" count="0" type="stmt"/>
        <line num="48" count="0" type="stmt"/>
        <line num="49" count="0" type="cond" truecount="0" falsecount="2"/>
        <line num="50" count="0" type="stmt"/>
        <line num="51" count="0" type="cond" truecount="0" falsecount="2"/>
        <line num="52" count="0" type="stmt"/>
        <line num="56" count="0" type="stmt"/>
        <line num="57" count="0" type="stmt"/>
        <line num="58" count="0" type="stmt"/>
        <line num="59" count="0" type="cond" truecount="0" falsecount="2"/>
        <line num="60" count="0" type="stmt"/>
        <line num="64" count="0" type="stmt"/>
        <line num="68" count="0" type="stmt"/>
      </file>
      <file name="notifications.js" path="C:\Users\Prêt maintenant\Desktop\M51-cours\semestre 5\ArchiOWeb\parkmeFree\routes\notifications.js">
        <metrics statements="9" coveredstatements="2" conditionals="4" coveredconditionals="0" methods="1" coveredmethods="0"/>
        <line num="5" count="2" type="stmt"/>
        <line num="35" count="2" type="stmt"/>
        <line num="36" count="0" type="stmt"/>
        <line num="38" count="0" type="cond" truecount="0" falsecount="4"/>
        <line num="39" count="0" type="stmt"/>
        <line num="42" count="0" type="stmt"/>
        <line num="43" count="0" type="stmt"/>
        <line num="44" count="0" type="stmt"/>
        <line num="46" count="0" type="stmt"/>
      </file>
      <file name="parkingSessions.js" path="C:\Users\Prêt maintenant\Desktop\M51-cours\semestre 5\ArchiOWeb\parkmeFree\routes\parkingSessions.js">
        <metrics statements="27" coveredstatements="6" conditionals="0" coveredconditionals="0" methods="5" coveredmethods="0"/>
        <line num="4" count="2" type="stmt"/>
        <line num="47" count="2" type="stmt"/>
        <line num="48" count="0" type="stmt"/>
        <line num="49" count="0" type="stmt"/>
        <line num="50" count="0" type="stmt"/>
        <line num="52" count="0" type="stmt"/>
        <line num="98" count="2" type="stmt"/>
        <line num="99" count="0" type="stmt"/>
        <line num="100" count="0" type="stmt"/>
        <line num="101" count="0" type="stmt"/>
        <line num="103" count="0" type="stmt"/>
        <line num="156" count="2" type="stmt"/>
        <line num="157" count="0" type="stmt"/>
        <line num="158" count="0" type="stmt"/>
        <line num="159" count="0" type="stmt"/>
        <line num="160" count="0" type="stmt"/>
        <line num="162" count="0" type="stmt"/>
        <line num="217" count="2" type="stmt"/>
        <line num="218" count="0" type="stmt"/>
        <line num="219" count="0" type="stmt"/>
        <line num="227" count="0" type="stmt"/>
        <line num="229" count="0" type="stmt"/>
        <line num="277" count="2" type="stmt"/>
        <line num="278" count="0" type="stmt"/>
        <line num="279" count="0" type="stmt"/>
        <line num="282" count="0" type="stmt"/>
        <line num="284" count="0" type="stmt"/>
      </file>
      <file name="parks.js" path="C:\Users\Prêt maintenant\Desktop\M51-cours\semestre 5\ArchiOWeb\parkmeFree\routes\parks.js">
        <metrics statements="38" coveredstatements="6" conditionals="8" coveredconditionals="0" methods="6" coveredmethods="0"/>
        <line num="17" count="2" type="stmt"/>
        <line num="62" count="2" type="stmt"/>
        <line num="63" count="0" type="stmt"/>
        <line num="64" count="0" type="stmt"/>
        <line num="65" count="0" type="stmt"/>
        <line num="67" count="0" type="stmt"/>
        <line num="114" count="2" type="stmt"/>
        <line num="115" count="0" type="stmt"/>
        <line num="116" count="0" type="stmt"/>
        <line num="117" count="0" type="cond" truecount="0" falsecount="2"/>
        <line num="118" count="0" type="stmt"/>
        <line num="120" count="0" type="stmt"/>
        <line num="122" count="0" type="stmt"/>
        <line num="175" count="2" type="stmt"/>
        <line num="176" count="0" type="stmt"/>
        <line num="177" count="0" type="stmt"/>
        <line num="178" count="0" type="cond" truecount="0" falsecount="2"/>
        <line num="179" count="0" type="stmt"/>
        <line num="181" count="0" type="stmt"/>
        <line num="182" count="0" type="stmt"/>
        <line num="185" count="0" type="stmt"/>
        <line num="189" count="0" type="stmt"/>
        <line num="190" count="0" type="stmt"/>
        <line num="192" count="0" type="stmt"/>
        <line num="248" count="2" type="stmt"/>
        <line num="249" count="0" type="stmt"/>
        <line num="250" count="0" type="stmt"/>
        <line num="254" count="0" type="cond" truecount="0" falsecount="2"/>
        <line num="255" count="0" type="stmt"/>
        <line num="257" count="0" type="stmt"/>
        <line num="259" count="0" type="stmt"/>
        <line num="307" count="2" type="stmt"/>
        <line num="308" count="0" type="stmt"/>
        <line num="309" count="0" type="stmt"/>
        <line num="310" count="0" type="cond" truecount="0" falsecount="2"/>
        <line num="311" count="0" type="stmt"/>
        <line num="313" count="0" type="stmt"/>
        <line num="315" count="0" type="stmt"/>
      </file>
      <file name="users.js" path="C:\Users\Prêt maintenant\Desktop\M51-cours\semestre 5\ArchiOWeb\parkmeFree\routes\users.js">
        <metrics statements="45" coveredstatements="35" conditionals="8" coveredconditionals="5" methods="7" coveredmethods="6"/>
        <line num="8" count="2" type="stmt"/>
        <line num="9" count="2" type="stmt"/>
        <line num="62" count="2" type="stmt"/>
        <line num="63" count="3" type="stmt"/>
        <line num="64" count="3" type="stmt"/>
        <line num="67" count="3" type="stmt"/>
        <line num="68" count="3" type="cond" truecount="2" falsecount="0"/>
        <line num="69" count="1" type="stmt"/>
        <line num="73" count="2" type="stmt"/>
        <line num="74" count="2" type="stmt"/>
        <line num="75" count="2" type="cond" truecount="1" falsecount="1"/>
        <line num="76" count="0" type="stmt"/>
        <line num="80" count="2" type="stmt"/>
        <line num="85" count="2" type="stmt"/>
        <line num="86" count="2" type="stmt"/>
        <line num="89" count="1" type="stmt"/>
        <line num="90" count="1" type="stmt"/>
        <line num="91" count="1" type="stmt"/>
        <line num="92" count="1" type="cond" truecount="1" falsecount="1"/>
        <line num="93" count="0" type="stmt"/>
        <line num="95" count="1" type="stmt"/>
        <line num="98" count="1" type="stmt"/>
        <line num="102" count="0" type="stmt"/>
        <line num="147" count="2" type="stmt"/>
        <line num="148" count="0" type="stmt"/>
        <line num="149" count="0" type="stmt"/>
        <line num="150" count="0" type="stmt"/>
        <line num="152" count="0" type="stmt"/>
        <line num="198" count="2" type="stmt"/>
        <line num="199" count="2" type="stmt"/>
        <line num="200" count="2" type="stmt"/>
        <line num="201" count="1" type="cond" truecount="1" falsecount="1"/>
        <line num="202" count="0" type="stmt"/>
        <line num="204" count="1" type="stmt"/>
        <line num="206" count="1" type="stmt"/>
        <line num="261" count="2" type="stmt"/>
        <line num="262" count="1" type="stmt"/>
        <line num="263" count="1" type="stmt"/>
        <line num="267" count="1" type="stmt"/>
        <line num="269" count="0" type="stmt"/>
        <line num="317" count="2" type="stmt"/>
        <line num="318" count="1" type="stmt"/>
        <line num="319" count="1" type="stmt"/>
        <line num="321" count="1" type="stmt"/>
        <line num="323" count="0" type="stmt"/>
      </file>
    </package>
    <package name="parkmeFree.spec">
      <metrics statements="10" coveredstatements="9" conditionals="2" coveredconditionals="1" methods="4" coveredmethods="4"/>
      <file name="utils.js" path="C:\Users\Prêt maintenant\Desktop\M51-cours\semestre 5\ArchiOWeb\parkmeFree\spec\utils.js">
        <metrics statements="10" coveredstatements="9" conditionals="2" coveredconditionals="1" methods="4" coveredmethods="4"/>
        <line num="8" count="2" type="stmt"/>
        <line num="10" count="2" type="stmt"/>
        <line num="11" count="11" type="stmt"/>
        <line num="22" count="4" type="stmt"/>
        <line num="23" count="4" type="stmt"/>
        <line num="24" count="4" type="stmt"/>
        <line num="25" count="4" type="stmt"/>
        <line num="26" count="4" type="cond" truecount="1" falsecount="1"/>
        <line num="27" count="0" type="stmt"/>
        <line num="29" count="4" type="stmt"/>
      </file>
    </package>
    <package name="parkmeFree.utils">
      <metrics statements="22" coveredstatements="11" conditionals="6" coveredconditionals="3" methods="3" coveredmethods="2"/>
      <file name="auth.js" path="C:\Users\Prêt maintenant\Desktop\M51-cours\semestre 5\ArchiOWeb\parkmeFree\utils\auth.js">
        <metrics statements="13" coveredstatements="10" conditionals="6" coveredconditionals="3" methods="2" coveredmethods="2"/>
        <line num="4" count="2" type="stmt"/>
        <line num="8" count="3" type="stmt"/>
        <line num="9" count="3" type="cond" truecount="1" falsecount="1"/>
        <line num="10" count="0" type="stmt"/>
        <line num="13" count="3" type="stmt"/>
        <line num="14" count="3" type="cond" truecount="1" falsecount="1"/>
        <line num="15" count="0" type="stmt"/>
        <line num="18" count="3" type="stmt"/>
        <line num="19" count="3" type="stmt"/>
        <line num="20" count="3" type="cond" truecount="1" falsecount="1"/>
        <line num="21" count="0" type="stmt"/>
        <line num="23" count="3" type="stmt"/>
        <line num="24" count="3" type="stmt"/>
      </file>
      <file name="sendNotification.js" path="C:\Users\Prêt maintenant\Desktop\M51-cours\semestre 5\ArchiOWeb\parkmeFree\utils\sendNotification.js">
        <metrics statements="9" coveredstatements="1" conditionals="0" coveredconditionals="0" methods="1" coveredmethods="0"/>
        <line num="5" count="2" type="stmt"/>
        <line num="6" count="0" type="stmt"/>
        <line num="7" count="0" type="stmt"/>
        <line num="8" count="0" type="stmt"/>
        <line num="9" count="0" type="stmt"/>
        <line num="13" count="0" type="stmt"/>
        <line num="14" count="0" type="stmt"/>
        <line num="15" count="0" type="stmt"/>
        <line num="17" count="0" type="stmt"/>
      </file>
    </package>
  </project>
</coverage>
