{"C:\\Users\\Prêt maintenant\\Desktop\\M51-cours\\semestre 5\\ArchiOWeb\\parkmeFree\\app.js": {"path":"C:\\Users\\Prêt maintenant\\Desktop\\M51-cours\\semestre 5\\ArchiOWeb\\parkmeFree\\app.js","statementMap":{"0":{"start":{"line":15,"column":0},"end":{"line":18,"column":67}},"1":{"start":{"line":17,"column":14},"end":{"line":17,"column":49}},"2":{"start":{"line":18,"column":18},"end":{"line":18,"column":65}},"3":{"start":{"line":20,"column":12},"end":{"line":20,"column":21}},"4":{"start":{"line":22,"column":0},"end":{"line":22,"column":59}},"5":{"start":{"line":24,"column":0},"end":{"line":24,"column":23}},"6":{"start":{"line":25,"column":0},"end":{"line":25,"column":24}},"7":{"start":{"line":26,"column":0},"end":{"line":26,"column":49}},"8":{"start":{"line":28,"column":0},"end":{"line":28,"column":29}},"9":{"start":{"line":29,"column":0},"end":{"line":29,"column":51}},"10":{"start":{"line":30,"column":0},"end":{"line":30,"column":55}},"11":{"start":{"line":31,"column":0},"end":{"line":31,"column":33}},"12":{"start":{"line":32,"column":0},"end":{"line":32,"column":35}},"13":{"start":{"line":33,"column":0},"end":{"line":33,"column":35}},"14":{"start":{"line":34,"column":0},"end":{"line":34,"column":35}},"15":{"start":{"line":39,"column":0},"end":{"line":41,"column":3}},"16":{"start":{"line":40,"column":2},"end":{"line":40,"column":25}},"17":{"start":{"line":44,"column":0},"end":{"line":52,"column":3}},"18":{"start":{"line":46,"column":2},"end":{"line":46,"column":35}},"19":{"start":{"line":47,"column":2},"end":{"line":47,"column":69}},"20":{"start":{"line":50,"column":2},"end":{"line":50,"column":32}},"21":{"start":{"line":51,"column":2},"end":{"line":51,"column":24}}},"fnMap":{"0":{"name":"(anonymous_0)","decl":{"start":{"line":17,"column":8},"end":{"line":17,"column":9}},"loc":{"start":{"line":17,"column":14},"end":{"line":17,"column":49}},"line":17},"1":{"name":"(anonymous_1)","decl":{"start":{"line":18,"column":9},"end":{"line":18,"column":10}},"loc":{"start":{"line":18,"column":18},"end":{"line":18,"column":65}},"line":18},"2":{"name":"(anonymous_2)","decl":{"start":{"line":39,"column":8},"end":{"line":39,"column":9}},"loc":{"start":{"line":39,"column":34},"end":{"line":41,"column":1}},"line":39},"3":{"name":"(anonymous_3)","decl":{"start":{"line":44,"column":8},"end":{"line":44,"column":9}},"loc":{"start":{"line":44,"column":39},"end":{"line":52,"column":1}},"line":44}},"branchMap":{"0":{"loc":{"start":{"line":16,"column":11},"end":{"line":16,"column":67}},"type":"binary-expr","locations":[{"start":{"line":16,"column":11},"end":{"line":16,"column":35}},{"start":{"line":16,"column":39},"end":{"line":16,"column":67}}],"line":16},"1":{"loc":{"start":{"line":47,"column":21},"end":{"line":47,"column":68}},"type":"cond-expr","locations":[{"start":{"line":47,"column":60},"end":{"line":47,"column":63}},{"start":{"line":47,"column":66},"end":{"line":47,"column":68}}],"line":47},"2":{"loc":{"start":{"line":50,"column":13},"end":{"line":50,"column":30}},"type":"binary-expr","locations":[{"start":{"line":50,"column":13},"end":{"line":50,"column":23}},{"start":{"line":50,"column":27},"end":{"line":50,"column":30}}],"line":50}},"s":{"0":2,"1":2,"2":0,"3":2,"4":2,"5":2,"6":2,"7":2,"8":2,"9":2,"10":2,"11":2,"12":2,"13":2,"14":2,"15":2,"16":0,"17":2,"18":2,"19":2,"20":2,"21":2},"f":{"0":2,"1":0,"2":0,"3":2},"b":{"0":[2,0],"1":[0,2],"2":[2,2]},"_coverageSchema":"1a1c01bbd47fc00a2c39e90264f33305004495a9","hash":"14be690345ffbc367192056fe03cbe72eab091f2"}
,"C:\\Users\\Prêt maintenant\\Desktop\\M51-cours\\semestre 5\\ArchiOWeb\\parkmeFree\\config\\cloudinaryConfig.js": {"path":"C:\\Users\\Prêt maintenant\\Desktop\\M51-cours\\semestre 5\\ArchiOWeb\\parkmeFree\\config\\cloudinaryConfig.js","statementMap":{"0":{"start":{"line":3,"column":0},"end":{"line":7,"column":3}}},"fnMap":{},"branchMap":{},"s":{"0":2},"f":{},"b":{},"_coverageSchema":"1a1c01bbd47fc00a2c39e90264f33305004495a9","hash":"1443e21224f48b2d0b4e86f0e94e1a29b7784d8a"}
,"C:\\Users\\Prêt maintenant\\Desktop\\M51-cours\\semestre 5\\ArchiOWeb\\parkmeFree\\config\\config.js": {"path":"C:\\Users\\Prêt maintenant\\Desktop\\M51-cours\\semestre 5\\ArchiOWeb\\parkmeFree\\config\\config.js","statementMap":{"0":{"start":{"line":1,"column":15},"end":{"line":3,"column":1}}},"fnMap":{},"branchMap":{},"s":{"0":2},"f":{},"b":{},"_coverageSchema":"1a1c01bbd47fc00a2c39e90264f33305004495a9","hash":"a06eef646c9fb03bc0254740fc63dc2c1ff057e7"}
,"C:\\Users\\Prêt maintenant\\Desktop\\M51-cours\\semestre 5\\ArchiOWeb\\parkmeFree\\config\\onesignal.js": {"path":"C:\\Users\\Prêt maintenant\\Desktop\\M51-cours\\semestre 5\\ArchiOWeb\\parkmeFree\\config\\onesignal.js","statementMap":{"0":{"start":{"line":3,"column":25},"end":{"line":3,"column":63}},"1":{"start":{"line":5,"column":25},"end":{"line":9,"column":1}},"2":{"start":{"line":7,"column":8},"end":{"line":7,"column":131}},"3":{"start":{"line":11,"column":22},"end":{"line":17,"column":2}},"4":{"start":{"line":19,"column":15},"end":{"line":19,"column":54}}},"fnMap":{"0":{"name":"(anonymous_0)","decl":{"start":{"line":6,"column":4},"end":{"line":6,"column":5}},"loc":{"start":{"line":6,"column":15},"end":{"line":8,"column":5}},"line":6}},"branchMap":{},"s":{"0":2,"1":2,"2":0,"3":2,"4":2},"f":{"0":0},"b":{},"_coverageSchema":"1a1c01bbd47fc00a2c39e90264f33305004495a9","hash":"4b2d1d01b351ce616b0765a358d05341cd1627aa"}
,"C:\\Users\\Prêt maintenant\\Desktop\\M51-cours\\semestre 5\\ArchiOWeb\\parkmeFree\\model\\Car.js": {"path":"C:\\Users\\Prêt maintenant\\Desktop\\M51-cours\\semestre 5\\ArchiOWeb\\parkmeFree\\model\\Car.js","statementMap":{"0":{"start":{"line":4,"column":18},"end":{"line":31,"column":2}},"1":{"start":{"line":34,"column":0},"end":{"line":36,"column":3}},"2":{"start":{"line":40,"column":2},"end":{"line":40,"column":18}},"3":{"start":{"line":41,"column":2},"end":{"line":41,"column":14}},"4":{"start":{"line":43,"column":19},"end":{"line":43,"column":42}}},"fnMap":{"0":{"name":"transformJsonCar","decl":{"start":{"line":38,"column":9},"end":{"line":38,"column":25}},"loc":{"start":{"line":38,"column":46},"end":{"line":42,"column":1}},"line":38}},"branchMap":{},"s":{"0":2,"1":2,"2":7,"3":7,"4":2},"f":{"0":7},"b":{},"_coverageSchema":"1a1c01bbd47fc00a2c39e90264f33305004495a9","hash":"251d4b40fd1d01a31ba9843ad974b1eb2d92982e"}
,"C:\\Users\\Prêt maintenant\\Desktop\\M51-cours\\semestre 5\\ArchiOWeb\\parkmeFree\\model\\Park.js": {"path":"C:\\Users\\Prêt maintenant\\Desktop\\M51-cours\\semestre 5\\ArchiOWeb\\parkmeFree\\model\\Park.js","statementMap":{"0":{"start":{"line":4,"column":19},"end":{"line":44,"column":2}},"1":{"start":{"line":49,"column":4},"end":{"line":49,"column":123}},"2":{"start":{"line":53,"column":4},"end":{"line":53,"column":39}},"3":{"start":{"line":57,"column":4},"end":{"line":57,"column":41}},"4":{"start":{"line":61,"column":20},"end":{"line":61,"column":45}}},"fnMap":{"0":{"name":"validateGeoJsonCoordinates","decl":{"start":{"line":48,"column":9},"end":{"line":48,"column":35}},"loc":{"start":{"line":48,"column":43},"end":{"line":50,"column":1}},"line":48},"1":{"name":"isLatitude","decl":{"start":{"line":52,"column":9},"end":{"line":52,"column":19}},"loc":{"start":{"line":52,"column":27},"end":{"line":54,"column":1}},"line":52},"2":{"name":"isLongitude","decl":{"start":{"line":56,"column":9},"end":{"line":56,"column":20}},"loc":{"start":{"line":56,"column":28},"end":{"line":58,"column":1}},"line":56}},"branchMap":{"0":{"loc":{"start":{"line":49,"column":11},"end":{"line":49,"column":122}},"type":"binary-expr","locations":[{"start":{"line":49,"column":11},"end":{"line":49,"column":31}},{"start":{"line":49,"column":35},"end":{"line":49,"column":52}},{"start":{"line":49,"column":56},"end":{"line":49,"column":73}},{"start":{"line":49,"column":77},"end":{"line":49,"column":98}},{"start":{"line":49,"column":102},"end":{"line":49,"column":122}}],"line":49},"1":{"loc":{"start":{"line":53,"column":11},"end":{"line":53,"column":38}},"type":"binary-expr","locations":[{"start":{"line":53,"column":11},"end":{"line":53,"column":23}},{"start":{"line":53,"column":27},"end":{"line":53,"column":38}}],"line":53},"2":{"loc":{"start":{"line":57,"column":11},"end":{"line":57,"column":40}},"type":"binary-expr","locations":[{"start":{"line":57,"column":11},"end":{"line":57,"column":24}},{"start":{"line":57,"column":28},"end":{"line":57,"column":40}}],"line":57}},"s":{"0":2,"1":0,"2":0,"3":0,"4":2},"f":{"0":0,"1":0,"2":0},"b":{"0":[0,0,0,0,0],"1":[0,0],"2":[0,0]},"_coverageSchema":"1a1c01bbd47fc00a2c39e90264f33305004495a9","hash":"28c83e55da746042d675628261b232f79cb5bc66"}
,"C:\\Users\\Prêt maintenant\\Desktop\\M51-cours\\semestre 5\\ArchiOWeb\\parkmeFree\\model\\ParkingSession.js": {"path":"C:\\Users\\Prêt maintenant\\Desktop\\M51-cours\\semestre 5\\ArchiOWeb\\parkmeFree\\model\\ParkingSession.js","statementMap":{"0":{"start":{"line":4,"column":27},"end":{"line":40,"column":2}},"1":{"start":{"line":44,"column":4},"end":{"line":44,"column":123}},"2":{"start":{"line":48,"column":4},"end":{"line":48,"column":39}},"3":{"start":{"line":52,"column":4},"end":{"line":52,"column":41}},"4":{"start":{"line":57,"column":30},"end":{"line":57,"column":75}}},"fnMap":{"0":{"name":"validateGeoJsonCoordinates","decl":{"start":{"line":43,"column":9},"end":{"line":43,"column":35}},"loc":{"start":{"line":43,"column":43},"end":{"line":45,"column":1}},"line":43},"1":{"name":"isLatitude","decl":{"start":{"line":47,"column":9},"end":{"line":47,"column":19}},"loc":{"start":{"line":47,"column":27},"end":{"line":49,"column":1}},"line":47},"2":{"name":"isLongitude","decl":{"start":{"line":51,"column":9},"end":{"line":51,"column":20}},"loc":{"start":{"line":51,"column":28},"end":{"line":53,"column":1}},"line":51}},"branchMap":{"0":{"loc":{"start":{"line":44,"column":11},"end":{"line":44,"column":122}},"type":"binary-expr","locations":[{"start":{"line":44,"column":11},"end":{"line":44,"column":31}},{"start":{"line":44,"column":35},"end":{"line":44,"column":52}},{"start":{"line":44,"column":56},"end":{"line":44,"column":73}},{"start":{"line":44,"column":77},"end":{"line":44,"column":98}},{"start":{"line":44,"column":102},"end":{"line":44,"column":122}}],"line":44},"1":{"loc":{"start":{"line":48,"column":11},"end":{"line":48,"column":38}},"type":"binary-expr","locations":[{"start":{"line":48,"column":11},"end":{"line":48,"column":23}},{"start":{"line":48,"column":27},"end":{"line":48,"column":38}}],"line":48},"2":{"loc":{"start":{"line":52,"column":11},"end":{"line":52,"column":40}},"type":"binary-expr","locations":[{"start":{"line":52,"column":11},"end":{"line":52,"column":24}},{"start":{"line":52,"column":28},"end":{"line":52,"column":40}}],"line":52}},"s":{"0":2,"1":0,"2":0,"3":0,"4":2},"f":{"0":0,"1":0,"2":0},"b":{"0":[0,0,0,0,0],"1":[0,0],"2":[0,0]},"_coverageSchema":"1a1c01bbd47fc00a2c39e90264f33305004495a9","hash":"95d65a20bd944eb099f32a373dc2abd29c58d19a"}
,"C:\\Users\\Prêt maintenant\\Desktop\\M51-cours\\semestre 5\\ArchiOWeb\\parkmeFree\\model\\User.js": {"path":"C:\\Users\\Prêt maintenant\\Desktop\\M51-cours\\semestre 5\\ArchiOWeb\\parkmeFree\\model\\User.js","statementMap":{"0":{"start":{"line":8,"column":19},"end":{"line":54,"column":2}},"1":{"start":{"line":57,"column":0},"end":{"line":59,"column":3}},"2":{"start":{"line":63,"column":4},"end":{"line":63,"column":20}},"3":{"start":{"line":64,"column":4},"end":{"line":64,"column":16}},"4":{"start":{"line":68,"column":20},"end":{"line":68,"column":45}}},"fnMap":{"0":{"name":"transformJsonUser","decl":{"start":{"line":60,"column":9},"end":{"line":60,"column":26}},"loc":{"start":{"line":60,"column":47},"end":{"line":65,"column":1}},"line":60}},"branchMap":{},"s":{"0":2,"1":2,"2":3,"3":3,"4":2},"f":{"0":3},"b":{},"_coverageSchema":"1a1c01bbd47fc00a2c39e90264f33305004495a9","hash":"fccf4a1e3dc19cb6087d7446fd7d7666ae728533"}
,"C:\\Users\\Prêt maintenant\\Desktop\\M51-cours\\semestre 5\\ArchiOWeb\\parkmeFree\\routes\\cars.js": {"path":"C:\\Users\\Prêt maintenant\\Desktop\\M51-cours\\semestre 5\\ArchiOWeb\\parkmeFree\\routes\\cars.js","statementMap":{"0":{"start":{"line":4,"column":15},"end":{"line":4,"column":31}},"1":{"start":{"line":41,"column":0},"end":{"line":48,"column":3}},"2":{"start":{"line":42,"column":2},"end":{"line":47,"column":3}},"3":{"start":{"line":43,"column":17},"end":{"line":43,"column":33}},"4":{"start":{"line":44,"column":4},"end":{"line":44,"column":31}},"5":{"start":{"line":46,"column":4},"end":{"line":46,"column":14}},"6":{"start":{"line":92,"column":0},"end":{"line":102,"column":3}},"7":{"start":{"line":93,"column":2},"end":{"line":101,"column":3}},"8":{"start":{"line":94,"column":16},"end":{"line":94,"column":57}},"9":{"start":{"line":95,"column":4},"end":{"line":97,"column":5}},"10":{"start":{"line":96,"column":6},"end":{"line":96,"column":64}},"11":{"start":{"line":98,"column":4},"end":{"line":98,"column":30}},"12":{"start":{"line":100,"column":4},"end":{"line":100,"column":14}},"13":{"start":{"line":143,"column":0},"end":{"line":153,"column":3}},"14":{"start":{"line":144,"column":2},"end":{"line":152,"column":3}},"15":{"start":{"line":145,"column":4},"end":{"line":145,"column":76}},"16":{"start":{"line":146,"column":19},"end":{"line":146,"column":36}},"17":{"start":{"line":147,"column":21},"end":{"line":147,"column":40}},"18":{"start":{"line":148,"column":4},"end":{"line":148,"column":35}},"19":{"start":{"line":150,"column":4},"end":{"line":150,"column":76}},"20":{"start":{"line":151,"column":4},"end":{"line":151,"column":38}},"21":{"start":{"line":191,"column":0},"end":{"line":204,"column":3}},"22":{"start":{"line":192,"column":2},"end":{"line":203,"column":3}},"23":{"start":{"line":193,"column":23},"end":{"line":196,"column":6}},"24":{"start":{"line":197,"column":4},"end":{"line":199,"column":5}},"25":{"start":{"line":198,"column":6},"end":{"line":198,"column":64}},"26":{"start":{"line":200,"column":4},"end":{"line":200,"column":37}},"27":{"start":{"line":202,"column":4},"end":{"line":202,"column":14}},"28":{"start":{"line":237,"column":0},"end":{"line":247,"column":3}},"29":{"start":{"line":238,"column":2},"end":{"line":246,"column":3}},"30":{"start":{"line":239,"column":23},"end":{"line":239,"column":65}},"31":{"start":{"line":240,"column":4},"end":{"line":242,"column":5}},"32":{"start":{"line":241,"column":6},"end":{"line":241,"column":64}},"33":{"start":{"line":243,"column":4},"end":{"line":243,"column":37}},"34":{"start":{"line":245,"column":4},"end":{"line":245,"column":14}}},"fnMap":{"0":{"name":"(anonymous_0)","decl":{"start":{"line":41,"column":16},"end":{"line":41,"column":17}},"loc":{"start":{"line":41,"column":42},"end":{"line":48,"column":1}},"line":41},"1":{"name":"(anonymous_1)","decl":{"start":{"line":92,"column":19},"end":{"line":92,"column":20}},"loc":{"start":{"line":92,"column":45},"end":{"line":102,"column":1}},"line":92},"2":{"name":"(anonymous_2)","decl":{"start":{"line":143,"column":37},"end":{"line":143,"column":38}},"loc":{"start":{"line":143,"column":63},"end":{"line":153,"column":1}},"line":143},"3":{"name":"(anonymous_3)","decl":{"start":{"line":191,"column":33},"end":{"line":191,"column":34}},"loc":{"start":{"line":191,"column":59},"end":{"line":204,"column":1}},"line":191},"4":{"name":"(anonymous_4)","decl":{"start":{"line":237,"column":36},"end":{"line":237,"column":37}},"loc":{"start":{"line":237,"column":62},"end":{"line":247,"column":1}},"line":237}},"branchMap":{"0":{"loc":{"start":{"line":95,"column":4},"end":{"line":97,"column":5}},"type":"if","locations":[{"start":{"line":95,"column":4},"end":{"line":97,"column":5}},{"start":{},"end":{}}],"line":95},"1":{"loc":{"start":{"line":197,"column":4},"end":{"line":199,"column":5}},"type":"if","locations":[{"start":{"line":197,"column":4},"end":{"line":199,"column":5}},{"start":{},"end":{}}],"line":197},"2":{"loc":{"start":{"line":240,"column":4},"end":{"line":242,"column":5}},"type":"if","locations":[{"start":{"line":240,"column":4},"end":{"line":242,"column":5}},{"start":{},"end":{}}],"line":240}},"s":{"0":2,"1":2,"2":2,"3":2,"4":2,"5":0,"6":2,"7":2,"8":2,"9":1,"10":0,"11":1,"12":1,"13":2,"14":0,"15":0,"16":0,"17":0,"18":0,"19":0,"20":0,"21":2,"22":0,"23":0,"24":0,"25":0,"26":0,"27":0,"28":2,"29":0,"30":0,"31":0,"32":0,"33":0,"34":0},"f":{"0":2,"1":2,"2":0,"3":0,"4":0},"b":{"0":[0,1],"1":[0,0],"2":[0,0]},"_coverageSchema":"1a1c01bbd47fc00a2c39e90264f33305004495a9","hash":"46b7a02465e3db17454a55ca0b5ebd60a6e57133"}
,"C:\\Users\\Prêt maintenant\\Desktop\\M51-cours\\semestre 5\\ArchiOWeb\\parkmeFree\\routes\\index.js": {"path":"C:\\Users\\Prêt maintenant\\Desktop\\M51-cours\\semestre 5\\ArchiOWeb\\parkmeFree\\routes\\index.js","statementMap":{"0":{"start":{"line":3,"column":15},"end":{"line":3,"column":31}},"1":{"start":{"line":21,"column":0},"end":{"line":23,"column":3}},"2":{"start":{"line":22,"column":2},"end":{"line":22,"column":41}}},"fnMap":{"0":{"name":"(anonymous_0)","decl":{"start":{"line":21,"column":16},"end":{"line":21,"column":17}},"loc":{"start":{"line":21,"column":42},"end":{"line":23,"column":1}},"line":21}},"branchMap":{},"s":{"0":2,"1":2,"2":0},"f":{"0":0},"b":{},"_coverageSchema":"1a1c01bbd47fc00a2c39e90264f33305004495a9","hash":"ec4a571a388ccafbbfa42001056adee59bc43873"}
,"C:\\Users\\Prêt maintenant\\Desktop\\M51-cours\\semestre 5\\ArchiOWeb\\parkmeFree\\routes\\login.js": {"path":"C:\\Users\\Prêt maintenant\\Desktop\\M51-cours\\semestre 5\\ArchiOWeb\\parkmeFree\\routes\\login.js","statementMap":{"0":{"start":{"line":7,"column":15},"end":{"line":7,"column":31}},"1":{"start":{"line":9,"column":18},"end":{"line":9,"column":34}},"2":{"start":{"line":41,"column":0},"end":{"line":70,"column":3}},"3":{"start":{"line":42,"column":2},"end":{"line":69,"column":3}},"4":{"start":{"line":43,"column":17},"end":{"line":43,"column":62}},"5":{"start":{"line":44,"column":4},"end":{"line":46,"column":5}},"6":{"start":{"line":45,"column":6},"end":{"line":45,"column":65}},"7":{"start":{"line":48,"column":4},"end":{"line":66,"column":7}},"8":{"start":{"line":49,"column":6},"end":{"line":53,"column":7}},"9":{"start":{"line":50,"column":8},"end":{"line":50,"column":78}},"10":{"start":{"line":51,"column":13},"end":{"line":53,"column":7}},"11":{"start":{"line":52,"column":8},"end":{"line":52,"column":69}},"12":{"start":{"line":56,"column":18},"end":{"line":56,"column":63}},"13":{"start":{"line":57,"column":22},"end":{"line":57,"column":60}},"14":{"start":{"line":58,"column":6},"end":{"line":65,"column":9}},"15":{"start":{"line":59,"column":8},"end":{"line":63,"column":9}},"16":{"start":{"line":60,"column":10},"end":{"line":62,"column":61}},"17":{"start":{"line":64,"column":8},"end":{"line":64,"column":61}},"18":{"start":{"line":68,"column":4},"end":{"line":68,"column":67}}},"fnMap":{"0":{"name":"(anonymous_0)","decl":{"start":{"line":41,"column":17},"end":{"line":41,"column":18}},"loc":{"start":{"line":41,"column":37},"end":{"line":70,"column":1}},"line":41},"1":{"name":"(anonymous_1)","decl":{"start":{"line":48,"column":53},"end":{"line":48,"column":54}},"loc":{"start":{"line":48,"column":75},"end":{"line":66,"column":5}},"line":48},"2":{"name":"(anonymous_2)","decl":{"start":{"line":58,"column":35},"end":{"line":58,"column":36}},"loc":{"start":{"line":58,"column":57},"end":{"line":65,"column":7}},"line":58}},"branchMap":{"0":{"loc":{"start":{"line":44,"column":4},"end":{"line":46,"column":5}},"type":"if","locations":[{"start":{"line":44,"column":4},"end":{"line":46,"column":5}},{"start":{},"end":{}}],"line":44},"1":{"loc":{"start":{"line":49,"column":6},"end":{"line":53,"column":7}},"type":"if","locations":[{"start":{"line":49,"column":6},"end":{"line":53,"column":7}},{"start":{"line":51,"column":13},"end":{"line":53,"column":7}}],"line":49},"2":{"loc":{"start":{"line":51,"column":13},"end":{"line":53,"column":7}},"type":"if","locations":[{"start":{"line":51,"column":13},"end":{"line":53,"column":7}},{"start":{},"end":{}}],"line":51},"3":{"loc":{"start":{"line":59,"column":8},"end":{"line":63,"column":9}},"type":"if","locations":[{"start":{"line":59,"column":8},"end":{"line":63,"column":9}},{"start":{},"end":{}}],"line":59}},"s":{"0":2,"1":2,"2":2,"3":0,"4":0,"5":0,"6":0,"7":0,"8":0,"9":0,"10":0,"11":0,"12":0,"13":0,"14":0,"15":0,"16":0,"17":0,"18":0},"f":{"0":0,"1":0,"2":0},"b":{"0":[0,0],"1":[0,0],"2":[0,0],"3":[0,0]},"_coverageSchema":"1a1c01bbd47fc00a2c39e90264f33305004495a9","hash":"0a7ecb0c6f464d0e2df9b37d62647cc789da8f5c"}
,"C:\\Users\\Prêt maintenant\\Desktop\\M51-cours\\semestre 5\\ArchiOWeb\\parkmeFree\\routes\\notifications.js": {"path":"C:\\Users\\Prêt maintenant\\Desktop\\M51-cours\\semestre 5\\ArchiOWeb\\parkmeFree\\routes\\notifications.js","statementMap":{"0":{"start":{"line":5,"column":15},"end":{"line":5,"column":31}},"1":{"start":{"line":35,"column":0},"end":{"line":48,"column":3}},"2":{"start":{"line":36,"column":29},"end":{"line":36,"column":37}},"3":{"start":{"line":38,"column":2},"end":{"line":40,"column":3}},"4":{"start":{"line":39,"column":4},"end":{"line":39,"column":77}},"5":{"start":{"line":42,"column":2},"end":{"line":47,"column":3}},"6":{"start":{"line":43,"column":4},"end":{"line":43,"column":43}},"7":{"start":{"line":44,"column":4},"end":{"line":44,"column":72}},"8":{"start":{"line":46,"column":4},"end":{"line":46,"column":51}}},"fnMap":{"0":{"name":"(anonymous_0)","decl":{"start":{"line":35,"column":21},"end":{"line":35,"column":22}},"loc":{"start":{"line":35,"column":41},"end":{"line":48,"column":1}},"line":35}},"branchMap":{"0":{"loc":{"start":{"line":38,"column":2},"end":{"line":40,"column":3}},"type":"if","locations":[{"start":{"line":38,"column":2},"end":{"line":40,"column":3}},{"start":{},"end":{}}],"line":38},"1":{"loc":{"start":{"line":38,"column":6},"end":{"line":38,"column":24}},"type":"binary-expr","locations":[{"start":{"line":38,"column":6},"end":{"line":38,"column":12}},{"start":{"line":38,"column":16},"end":{"line":38,"column":24}}],"line":38}},"s":{"0":2,"1":2,"2":0,"3":0,"4":0,"5":0,"6":0,"7":0,"8":0},"f":{"0":0},"b":{"0":[0,0],"1":[0,0]},"_coverageSchema":"1a1c01bbd47fc00a2c39e90264f33305004495a9","hash":"1cfb9ba849836f2ecbc8095a78f3593546fde231"}
,"C:\\Users\\Prêt maintenant\\Desktop\\M51-cours\\semestre 5\\ArchiOWeb\\parkmeFree\\routes\\parkingSessions.js": {"path":"C:\\Users\\Prêt maintenant\\Desktop\\M51-cours\\semestre 5\\ArchiOWeb\\parkmeFree\\routes\\parkingSessions.js","statementMap":{"0":{"start":{"line":4,"column":15},"end":{"line":4,"column":31}},"1":{"start":{"line":47,"column":0},"end":{"line":54,"column":3}},"2":{"start":{"line":48,"column":2},"end":{"line":53,"column":3}},"3":{"start":{"line":49,"column":21},"end":{"line":49,"column":48}},"4":{"start":{"line":50,"column":4},"end":{"line":50,"column":35}},"5":{"start":{"line":52,"column":4},"end":{"line":52,"column":14}},"6":{"start":{"line":98,"column":0},"end":{"line":105,"column":3}},"7":{"start":{"line":99,"column":2},"end":{"line":104,"column":3}},"8":{"start":{"line":100,"column":20},"end":{"line":100,"column":72}},"9":{"start":{"line":101,"column":4},"end":{"line":101,"column":34}},"10":{"start":{"line":103,"column":4},"end":{"line":103,"column":14}},"11":{"start":{"line":156,"column":0},"end":{"line":164,"column":3}},"12":{"start":{"line":157,"column":2},"end":{"line":163,"column":3}},"13":{"start":{"line":158,"column":23},"end":{"line":158,"column":51}},"14":{"start":{"line":159,"column":25},"end":{"line":159,"column":48}},"15":{"start":{"line":160,"column":4},"end":{"line":160,"column":39}},"16":{"start":{"line":162,"column":4},"end":{"line":162,"column":14}},"17":{"start":{"line":217,"column":0},"end":{"line":231,"column":3}},"18":{"start":{"line":218,"column":2},"end":{"line":230,"column":3}},"19":{"start":{"line":219,"column":27},"end":{"line":226,"column":5}},"20":{"start":{"line":227,"column":4},"end":{"line":227,"column":41}},"21":{"start":{"line":229,"column":4},"end":{"line":229,"column":14}},"22":{"start":{"line":277,"column":0},"end":{"line":286,"column":3}},"23":{"start":{"line":278,"column":2},"end":{"line":285,"column":3}},"24":{"start":{"line":279,"column":27},"end":{"line":281,"column":5}},"25":{"start":{"line":282,"column":4},"end":{"line":282,"column":41}},"26":{"start":{"line":284,"column":4},"end":{"line":284,"column":14}}},"fnMap":{"0":{"name":"(anonymous_0)","decl":{"start":{"line":47,"column":16},"end":{"line":47,"column":17}},"loc":{"start":{"line":47,"column":42},"end":{"line":54,"column":1}},"line":47},"1":{"name":"(anonymous_1)","decl":{"start":{"line":98,"column":19},"end":{"line":98,"column":20}},"loc":{"start":{"line":98,"column":45},"end":{"line":105,"column":1}},"line":98},"2":{"name":"(anonymous_2)","decl":{"start":{"line":156,"column":31},"end":{"line":156,"column":32}},"loc":{"start":{"line":156,"column":57},"end":{"line":164,"column":1}},"line":156},"3":{"name":"(anonymous_3)","decl":{"start":{"line":217,"column":33},"end":{"line":217,"column":34}},"loc":{"start":{"line":217,"column":59},"end":{"line":231,"column":1}},"line":217},"4":{"name":"(anonymous_4)","decl":{"start":{"line":277,"column":36},"end":{"line":277,"column":37}},"loc":{"start":{"line":277,"column":62},"end":{"line":286,"column":1}},"line":277}},"branchMap":{},"s":{"0":2,"1":2,"2":0,"3":0,"4":0,"5":0,"6":2,"7":0,"8":0,"9":0,"10":0,"11":2,"12":0,"13":0,"14":0,"15":0,"16":0,"17":2,"18":0,"19":0,"20":0,"21":0,"22":2,"23":0,"24":0,"25":0,"26":0},"f":{"0":0,"1":0,"2":0,"3":0,"4":0},"b":{},"_coverageSchema":"1a1c01bbd47fc00a2c39e90264f33305004495a9","hash":"e85315ff61fe2e2343b04fe5b30548afae7b9885"}
,"C:\\Users\\Prêt maintenant\\Desktop\\M51-cours\\semestre 5\\ArchiOWeb\\parkmeFree\\routes\\parks.js": {"path":"C:\\Users\\Prêt maintenant\\Desktop\\M51-cours\\semestre 5\\ArchiOWeb\\parkmeFree\\routes\\parks.js","statementMap":{"0":{"start":{"line":17,"column":15},"end":{"line":17,"column":31}},"1":{"start":{"line":62,"column":0},"end":{"line":69,"column":3}},"2":{"start":{"line":63,"column":2},"end":{"line":68,"column":3}},"3":{"start":{"line":64,"column":21},"end":{"line":64,"column":45}},"4":{"start":{"line":65,"column":4},"end":{"line":65,"column":35}},"5":{"start":{"line":67,"column":4},"end":{"line":67,"column":14}},"6":{"start":{"line":114,"column":0},"end":{"line":124,"column":3}},"7":{"start":{"line":115,"column":2},"end":{"line":123,"column":3}},"8":{"start":{"line":116,"column":17},"end":{"line":116,"column":59}},"9":{"start":{"line":117,"column":4},"end":{"line":119,"column":5}},"10":{"start":{"line":118,"column":6},"end":{"line":118,"column":65}},"11":{"start":{"line":120,"column":4},"end":{"line":120,"column":31}},"12":{"start":{"line":122,"column":4},"end":{"line":122,"column":14}},"13":{"start":{"line":175,"column":0},"end":{"line":195,"column":3}},"14":{"start":{"line":176,"column":15},"end":{"line":176,"column":44}},"15":{"start":{"line":177,"column":2},"end":{"line":194,"column":5}},"16":{"start":{"line":178,"column":4},"end":{"line":180,"column":5}},"17":{"start":{"line":179,"column":6},"end":{"line":179,"column":69}},"18":{"start":{"line":181,"column":4},"end":{"line":193,"column":5}},"19":{"start":{"line":182,"column":21},"end":{"line":184,"column":8}},"20":{"start":{"line":185,"column":22},"end":{"line":188,"column":8}},"21":{"start":{"line":189,"column":6},"end":{"line":189,"column":27}},"22":{"start":{"line":190,"column":6},"end":{"line":190,"column":40}},"23":{"start":{"line":192,"column":6},"end":{"line":192,"column":42}},"24":{"start":{"line":248,"column":0},"end":{"line":261,"column":3}},"25":{"start":{"line":249,"column":2},"end":{"line":260,"column":3}},"26":{"start":{"line":250,"column":24},"end":{"line":253,"column":6}},"27":{"start":{"line":254,"column":4},"end":{"line":256,"column":5}},"28":{"start":{"line":255,"column":6},"end":{"line":255,"column":65}},"29":{"start":{"line":257,"column":4},"end":{"line":257,"column":38}},"30":{"start":{"line":259,"column":4},"end":{"line":259,"column":14}},"31":{"start":{"line":307,"column":0},"end":{"line":317,"column":3}},"32":{"start":{"line":308,"column":2},"end":{"line":316,"column":3}},"33":{"start":{"line":309,"column":24},"end":{"line":309,"column":67}},"34":{"start":{"line":310,"column":4},"end":{"line":312,"column":5}},"35":{"start":{"line":311,"column":6},"end":{"line":311,"column":65}},"36":{"start":{"line":313,"column":4},"end":{"line":313,"column":38}},"37":{"start":{"line":315,"column":4},"end":{"line":315,"column":14}}},"fnMap":{"0":{"name":"(anonymous_0)","decl":{"start":{"line":62,"column":30},"end":{"line":62,"column":31}},"loc":{"start":{"line":62,"column":62},"end":{"line":69,"column":1}},"line":62},"1":{"name":"(anonymous_1)","decl":{"start":{"line":114,"column":33},"end":{"line":114,"column":34}},"loc":{"start":{"line":114,"column":59},"end":{"line":124,"column":1}},"line":114},"2":{"name":"(anonymous_2)","decl":{"start":{"line":175,"column":37},"end":{"line":175,"column":38}},"loc":{"start":{"line":175,"column":57},"end":{"line":195,"column":1}},"line":175},"3":{"name":"(anonymous_3)","decl":{"start":{"line":177,"column":18},"end":{"line":177,"column":19}},"loc":{"start":{"line":177,"column":48},"end":{"line":194,"column":3}},"line":177},"4":{"name":"(anonymous_4)","decl":{"start":{"line":248,"column":33},"end":{"line":248,"column":34}},"loc":{"start":{"line":248,"column":59},"end":{"line":261,"column":1}},"line":248},"5":{"name":"(anonymous_5)","decl":{"start":{"line":307,"column":36},"end":{"line":307,"column":37}},"loc":{"start":{"line":307,"column":62},"end":{"line":317,"column":1}},"line":307}},"branchMap":{"0":{"loc":{"start":{"line":117,"column":4},"end":{"line":119,"column":5}},"type":"if","locations":[{"start":{"line":117,"column":4},"end":{"line":119,"column":5}},{"start":{},"end":{}}],"line":117},"1":{"loc":{"start":{"line":178,"column":4},"end":{"line":180,"column":5}},"type":"if","locations":[{"start":{"line":178,"column":4},"end":{"line":180,"column":5}},{"start":{},"end":{}}],"line":178},"2":{"loc":{"start":{"line":254,"column":4},"end":{"line":256,"column":5}},"type":"if","locations":[{"start":{"line":254,"column":4},"end":{"line":256,"column":5}},{"start":{},"end":{}}],"line":254},"3":{"loc":{"start":{"line":310,"column":4},"end":{"line":312,"column":5}},"type":"if","locations":[{"start":{"line":310,"column":4},"end":{"line":312,"column":5}},{"start":{},"end":{}}],"line":310}},"s":{"0":2,"1":2,"2":0,"3":0,"4":0,"5":0,"6":2,"7":0,"8":0,"9":0,"10":0,"11":0,"12":0,"13":2,"14":0,"15":0,"16":0,"17":0,"18":0,"19":0,"20":0,"21":0,"22":0,"23":0,"24":2,"25":0,"26":0,"27":0,"28":0,"29":0,"30":0,"31":2,"32":0,"33":0,"34":0,"35":0,"36":0,"37":0},"f":{"0":0,"1":0,"2":0,"3":0,"4":0,"5":0},"b":{"0":[0,0],"1":[0,0],"2":[0,0],"3":[0,0]},"_coverageSchema":"1a1c01bbd47fc00a2c39e90264f33305004495a9","hash":"3d395cb479afa74a2117cae390ea96b769bd5412"}
,"C:\\Users\\Prêt maintenant\\Desktop\\M51-cours\\semestre 5\\ArchiOWeb\\parkmeFree\\routes\\users.js": {"path":"C:\\Users\\Prêt maintenant\\Desktop\\M51-cours\\semestre 5\\ArchiOWeb\\parkmeFree\\routes\\users.js","statementMap":{"0":{"start":{"line":8,"column":15},"end":{"line":8,"column":31}},"1":{"start":{"line":9,"column":18},"end":{"line":9,"column":34}},"2":{"start":{"line":62,"column":0},"end":{"line":104,"column":3}},"3":{"start":{"line":63,"column":2},"end":{"line":103,"column":3}},"4":{"start":{"line":64,"column":42},"end":{"line":64,"column":50}},"5":{"start":{"line":67,"column":25},"end":{"line":67,"column":79}},"6":{"start":{"line":68,"column":4},"end":{"line":70,"column":5}},"7":{"start":{"line":69,"column":6},"end":{"line":69,"column":70}},"8":{"start":{"line":73,"column":23},"end":{"line":73,"column":25}},"9":{"start":{"line":74,"column":4},"end":{"line":100,"column":7}},"10":{"start":{"line":75,"column":6},"end":{"line":77,"column":7}},"11":{"start":{"line":76,"column":8},"end":{"line":76,"column":79}},"12":{"start":{"line":80,"column":19},"end":{"line":83,"column":8}},"13":{"start":{"line":85,"column":6},"end":{"line":99,"column":7}},"14":{"start":{"line":86,"column":8},"end":{"line":86,"column":26}},"15":{"start":{"line":89,"column":20},"end":{"line":89,"column":65}},"16":{"start":{"line":90,"column":24},"end":{"line":90,"column":62}},"17":{"start":{"line":91,"column":8},"end":{"line":96,"column":11}},"18":{"start":{"line":92,"column":10},"end":{"line":94,"column":11}},"19":{"start":{"line":93,"column":12},"end":{"line":93,"column":83}},"20":{"start":{"line":95,"column":10},"end":{"line":95,"column":63}},"21":{"start":{"line":98,"column":8},"end":{"line":98,"column":67}},"22":{"start":{"line":102,"column":4},"end":{"line":102,"column":68}},"23":{"start":{"line":147,"column":0},"end":{"line":154,"column":3}},"24":{"start":{"line":148,"column":2},"end":{"line":153,"column":3}},"25":{"start":{"line":149,"column":18},"end":{"line":149,"column":35}},"26":{"start":{"line":150,"column":4},"end":{"line":150,"column":32}},"27":{"start":{"line":152,"column":4},"end":{"line":152,"column":14}},"28":{"start":{"line":198,"column":0},"end":{"line":208,"column":3}},"29":{"start":{"line":199,"column":2},"end":{"line":207,"column":3}},"30":{"start":{"line":200,"column":17},"end":{"line":200,"column":51}},"31":{"start":{"line":201,"column":4},"end":{"line":203,"column":5}},"32":{"start":{"line":202,"column":6},"end":{"line":202,"column":65}},"33":{"start":{"line":204,"column":4},"end":{"line":204,"column":31}},"34":{"start":{"line":206,"column":4},"end":{"line":206,"column":14}},"35":{"start":{"line":261,"column":0},"end":{"line":271,"column":3}},"36":{"start":{"line":262,"column":2},"end":{"line":270,"column":3}},"37":{"start":{"line":263,"column":24},"end":{"line":266,"column":6}},"38":{"start":{"line":267,"column":4},"end":{"line":267,"column":38}},"39":{"start":{"line":269,"column":4},"end":{"line":269,"column":14}},"40":{"start":{"line":317,"column":0},"end":{"line":325,"column":3}},"41":{"start":{"line":318,"column":2},"end":{"line":324,"column":3}},"42":{"start":{"line":319,"column":24},"end":{"line":319,"column":74}},"43":{"start":{"line":321,"column":4},"end":{"line":321,"column":38}},"44":{"start":{"line":323,"column":4},"end":{"line":323,"column":14}}},"fnMap":{"0":{"name":"(anonymous_0)","decl":{"start":{"line":62,"column":25},"end":{"line":62,"column":26}},"loc":{"start":{"line":62,"column":51},"end":{"line":104,"column":1}},"line":62},"1":{"name":"(anonymous_1)","decl":{"start":{"line":74,"column":38},"end":{"line":74,"column":39}},"loc":{"start":{"line":74,"column":75},"end":{"line":100,"column":5}},"line":74},"2":{"name":"(anonymous_2)","decl":{"start":{"line":91,"column":37},"end":{"line":91,"column":38}},"loc":{"start":{"line":91,"column":59},"end":{"line":96,"column":9}},"line":91},"3":{"name":"(anonymous_3)","decl":{"start":{"line":147,"column":16},"end":{"line":147,"column":17}},"loc":{"start":{"line":147,"column":48},"end":{"line":154,"column":1}},"line":147},"4":{"name":"(anonymous_4)","decl":{"start":{"line":198,"column":33},"end":{"line":198,"column":34}},"loc":{"start":{"line":198,"column":59},"end":{"line":208,"column":1}},"line":198},"5":{"name":"(anonymous_5)","decl":{"start":{"line":261,"column":40},"end":{"line":261,"column":41}},"loc":{"start":{"line":261,"column":72},"end":{"line":271,"column":1}},"line":261},"6":{"name":"(anonymous_6)","decl":{"start":{"line":317,"column":29},"end":{"line":317,"column":30}},"loc":{"start":{"line":317,"column":61},"end":{"line":325,"column":1}},"line":317}},"branchMap":{"0":{"loc":{"start":{"line":68,"column":4},"end":{"line":70,"column":5}},"type":"if","locations":[{"start":{"line":68,"column":4},"end":{"line":70,"column":5}},{"start":{},"end":{}}],"line":68},"1":{"loc":{"start":{"line":75,"column":6},"end":{"line":77,"column":7}},"type":"if","locations":[{"start":{"line":75,"column":6},"end":{"line":77,"column":7}},{"start":{},"end":{}}],"line":75},"2":{"loc":{"start":{"line":92,"column":10},"end":{"line":94,"column":11}},"type":"if","locations":[{"start":{"line":92,"column":10},"end":{"line":94,"column":11}},{"start":{},"end":{}}],"line":92},"3":{"loc":{"start":{"line":201,"column":4},"end":{"line":203,"column":5}},"type":"if","locations":[{"start":{"line":201,"column":4},"end":{"line":203,"column":5}},{"start":{},"end":{}}],"line":201}},"s":{"0":2,"1":2,"2":2,"3":3,"4":3,"5":3,"6":3,"7":1,"8":2,"9":2,"10":2,"11":0,"12":2,"13":2,"14":2,"15":1,"16":1,"17":1,"18":1,"19":0,"20":1,"21":1,"22":0,"23":2,"24":0,"25":0,"26":0,"27":0,"28":2,"29":2,"30":2,"31":1,"32":0,"33":1,"34":1,"35":2,"36":1,"37":1,"38":1,"39":0,"40":2,"41":1,"42":1,"43":1,"44":0},"f":{"0":3,"1":2,"2":1,"3":0,"4":2,"5":1,"6":1},"b":{"0":[1,2],"1":[0,2],"2":[0,1],"3":[0,1]},"_coverageSchema":"1a1c01bbd47fc00a2c39e90264f33305004495a9","hash":"65b5eda8d155f523aeeab3008bba75b4c839848a"}
,"C:\\Users\\Prêt maintenant\\Desktop\\M51-cours\\semestre 5\\ArchiOWeb\\parkmeFree\\spec\\utils.js": {"path":"C:\\Users\\Prêt maintenant\\Desktop\\M51-cours\\semestre 5\\ArchiOWeb\\parkmeFree\\spec\\utils.js","statementMap":{"0":{"start":{"line":8,"column":18},"end":{"line":8,"column":34}},"1":{"start":{"line":10,"column":31},"end":{"line":17,"column":1}},"2":{"start":{"line":11,"column":4},"end":{"line":16,"column":7}},"3":{"start":{"line":22,"column":16},"end":{"line":22,"column":68}},"4":{"start":{"line":23,"column":19},"end":{"line":23,"column":57}},"5":{"start":{"line":24,"column":4},"end":{"line":31,"column":7}},"6":{"start":{"line":25,"column":8},"end":{"line":30,"column":11}},"7":{"start":{"line":26,"column":12},"end":{"line":28,"column":13}},"8":{"start":{"line":27,"column":16},"end":{"line":27,"column":35}},"9":{"start":{"line":29,"column":12},"end":{"line":29,"column":27}}},"fnMap":{"0":{"name":"(anonymous_0)","decl":{"start":{"line":10,"column":31},"end":{"line":10,"column":32}},"loc":{"start":{"line":10,"column":49},"end":{"line":17,"column":1}},"line":10},"1":{"name":"generateValidJwt","decl":{"start":{"line":20,"column":16},"end":{"line":20,"column":32}},"loc":{"start":{"line":20,"column":39},"end":{"line":32,"column":1}},"line":20},"2":{"name":"(anonymous_2)","decl":{"start":{"line":24,"column":23},"end":{"line":24,"column":24}},"loc":{"start":{"line":24,"column":44},"end":{"line":31,"column":5}},"line":24},"3":{"name":"(anonymous_3)","decl":{"start":{"line":25,"column":36},"end":{"line":25,"column":37}},"loc":{"start":{"line":25,"column":58},"end":{"line":30,"column":9}},"line":25}},"branchMap":{"0":{"loc":{"start":{"line":26,"column":12},"end":{"line":28,"column":13}},"type":"if","locations":[{"start":{"line":26,"column":12},"end":{"line":28,"column":13}},{"start":{},"end":{}}],"line":26}},"s":{"0":2,"1":2,"2":11,"3":4,"4":4,"5":4,"6":4,"7":4,"8":0,"9":4},"f":{"0":11,"1":4,"2":4,"3":4},"b":{"0":[0,4]},"_coverageSchema":"1a1c01bbd47fc00a2c39e90264f33305004495a9","hash":"69cc01c3c6057ce6bb2a07d0f892849eb5f1654b"}
,"C:\\Users\\Prêt maintenant\\Desktop\\M51-cours\\semestre 5\\ArchiOWeb\\parkmeFree\\utils\\auth.js": {"path":"C:\\Users\\Prêt maintenant\\Desktop\\M51-cours\\semestre 5\\ArchiOWeb\\parkmeFree\\utils\\auth.js","statementMap":{"0":{"start":{"line":4,"column":18},"end":{"line":4,"column":34}},"1":{"start":{"line":8,"column":26},"end":{"line":8,"column":50}},"2":{"start":{"line":9,"column":4},"end":{"line":11,"column":5}},"3":{"start":{"line":10,"column":8},"end":{"line":10,"column":71}},"4":{"start":{"line":13,"column":18},"end":{"line":13,"column":54}},"5":{"start":{"line":14,"column":4},"end":{"line":16,"column":5}},"6":{"start":{"line":15,"column":8},"end":{"line":15,"column":82}},"7":{"start":{"line":18,"column":18},"end":{"line":18,"column":26}},"8":{"start":{"line":19,"column":4},"end":{"line":26,"column":7}},"9":{"start":{"line":20,"column":8},"end":{"line":25,"column":9}},"10":{"start":{"line":21,"column":12},"end":{"line":21,"column":80}},"11":{"start":{"line":23,"column":12},"end":{"line":23,"column":44}},"12":{"start":{"line":24,"column":12},"end":{"line":24,"column":19}}},"fnMap":{"0":{"name":"authenticate","decl":{"start":{"line":6,"column":9},"end":{"line":6,"column":21}},"loc":{"start":{"line":6,"column":38},"end":{"line":27,"column":1}},"line":6},"1":{"name":"(anonymous_1)","decl":{"start":{"line":19,"column":33},"end":{"line":19,"column":34}},"loc":{"start":{"line":19,"column":57},"end":{"line":26,"column":5}},"line":19}},"branchMap":{"0":{"loc":{"start":{"line":9,"column":4},"end":{"line":11,"column":5}},"type":"if","locations":[{"start":{"line":9,"column":4},"end":{"line":11,"column":5}},{"start":{},"end":{}}],"line":9},"1":{"loc":{"start":{"line":14,"column":4},"end":{"line":16,"column":5}},"type":"if","locations":[{"start":{"line":14,"column":4},"end":{"line":16,"column":5}},{"start":{},"end":{}}],"line":14},"2":{"loc":{"start":{"line":20,"column":8},"end":{"line":25,"column":9}},"type":"if","locations":[{"start":{"line":20,"column":8},"end":{"line":25,"column":9}},{"start":{"line":22,"column":15},"end":{"line":25,"column":9}}],"line":20}},"s":{"0":2,"1":3,"2":3,"3":0,"4":3,"5":3,"6":0,"7":3,"8":3,"9":3,"10":0,"11":3,"12":3},"f":{"0":3,"1":3},"b":{"0":[0,3],"1":[0,3],"2":[0,3]},"_coverageSchema":"1a1c01bbd47fc00a2c39e90264f33305004495a9","hash":"5723f4b88529ab866da02cc8bf1667ba169576a9"}
,"C:\\Users\\Prêt maintenant\\Desktop\\M51-cours\\semestre 5\\ArchiOWeb\\parkmeFree\\utils\\sendNotification.js": {"path":"C:\\Users\\Prêt maintenant\\Desktop\\M51-cours\\semestre 5\\ArchiOWeb\\parkmeFree\\utils\\sendNotification.js","statementMap":{"0":{"start":{"line":5,"column":25},"end":{"line":19,"column":1}},"1":{"start":{"line":6,"column":25},"end":{"line":6,"column":53}},"2":{"start":{"line":7,"column":4},"end":{"line":7,"column":43}},"3":{"start":{"line":8,"column":4},"end":{"line":8,"column":46}},"4":{"start":{"line":9,"column":4},"end":{"line":11,"column":6}},"5":{"start":{"line":13,"column":4},"end":{"line":18,"column":5}},"6":{"start":{"line":14,"column":23},"end":{"line":14,"column":68}},"7":{"start":{"line":15,"column":8},"end":{"line":15,"column":65}},"8":{"start":{"line":17,"column":8},"end":{"line":17,"column":76}}},"fnMap":{"0":{"name":"(anonymous_0)","decl":{"start":{"line":5,"column":25},"end":{"line":5,"column":26}},"loc":{"start":{"line":5,"column":51},"end":{"line":19,"column":1}},"line":5}},"branchMap":{},"s":{"0":2,"1":0,"2":0,"3":0,"4":0,"5":0,"6":0,"7":0,"8":0},"f":{"0":0},"b":{},"_coverageSchema":"1a1c01bbd47fc00a2c39e90264f33305004495a9","hash":"fa3d0e9752e4cae32732ac0ad102f79fce483bb1"}
}
