{"C:\\Users\\Prêt maintenant\\Desktop\\M51-cours\\semestre 5\\ArchiOWeb\\parkmeFree\\app.js": {"path":"C:\\Users\\Prêt maintenant\\Desktop\\M51-cours\\semestre 5\\ArchiOWeb\\parkmeFree\\app.js","statementMap":{"0":{"start":{"line":15,"column":0},"end":{"line":18,"column":67}},"1":{"start":{"line":17,"column":14},"end":{"line":17,"column":49}},"2":{"start":{"line":18,"column":18},"end":{"line":18,"column":65}},"3":{"start":{"line":20,"column":12},"end":{"line":20,"column":21}},"4":{"start":{"line":22,"column":0},"end":{"line":22,"column":59}},"5":{"start":{"line":24,"column":0},"end":{"line":24,"column":23}},"6":{"start":{"line":25,"column":0},"end":{"line":25,"column":24}},"7":{"start":{"line":26,"column":0},"end":{"line":26,"column":49}},"8":{"start":{"line":28,"column":0},"end":{"line":28,"column":29}},"9":{"start":{"line":29,"column":0},"end":{"line":29,"column":51}},"10":{"start":{"line":30,"column":0},"end":{"line":30,"column":54}},"11":{"start":{"line":31,"column":0},"end":{"line":31,"column":33}},"12":{"start":{"line":32,"column":0},"end":{"line":32,"column":35}},"13":{"start":{"line":33,"column":0},"end":{"line":33,"column":35}},"14":{"start":{"line":34,"column":0},"end":{"line":34,"column":35}},"15":{"start":{"line":39,"column":0},"end":{"line":41,"column":3}},"16":{"start":{"line":40,"column":2},"end":{"line":40,"column":25}},"17":{"start":{"line":44,"column":0},"end":{"line":52,"column":3}},"18":{"start":{"line":46,"column":2},"end":{"line":46,"column":35}},"19":{"start":{"line":47,"column":2},"end":{"line":47,"column":69}},"20":{"start":{"line":50,"column":2},"end":{"line":50,"column":32}},"21":{"start":{"line":51,"column":2},"end":{"line":51,"column":24}}},"fnMap":{"0":{"name":"(anonymous_0)","decl":{"start":{"line":17,"column":8},"end":{"line":17,"column":9}},"loc":{"start":{"line":17,"column":14},"end":{"line":17,"column":49}},"line":17},"1":{"name":"(anonymous_1)","decl":{"start":{"line":18,"column":9},"end":{"line":18,"column":10}},"loc":{"start":{"line":18,"column":18},"end":{"line":18,"column":65}},"line":18},"2":{"name":"(anonymous_2)","decl":{"start":{"line":39,"column":8},"end":{"line":39,"column":9}},"loc":{"start":{"line":39,"column":34},"end":{"line":41,"column":1}},"line":39},"3":{"name":"(anonymous_3)","decl":{"start":{"line":44,"column":8},"end":{"line":44,"column":9}},"loc":{"start":{"line":44,"column":39},"end":{"line":52,"column":1}},"line":44}},"branchMap":{"0":{"loc":{"start":{"line":16,"column":11},"end":{"line":16,"column":71}},"type":"binary-expr","locations":[{"start":{"line":16,"column":11},"end":{"line":16,"column":35}},{"start":{"line":16,"column":39},"end":{"line":16,"column":71}}],"line":16},"1":{"loc":{"start":{"line":47,"column":21},"end":{"line":47,"column":68}},"type":"cond-expr","locations":[{"start":{"line":47,"column":60},"end":{"line":47,"column":63}},{"start":{"line":47,"column":66},"end":{"line":47,"column":68}}],"line":47},"2":{"loc":{"start":{"line":50,"column":13},"end":{"line":50,"column":30}},"type":"binary-expr","locations":[{"start":{"line":50,"column":13},"end":{"line":50,"column":23}},{"start":{"line":50,"column":27},"end":{"line":50,"column":30}}],"line":50}},"s":{"0":1,"1":1,"2":0,"3":1,"4":1,"5":1,"6":1,"7":1,"8":1,"9":1,"10":1,"11":1,"12":1,"13":1,"14":1,"15":1,"16":3,"17":1,"18":3,"19":3,"20":3,"21":3},"f":{"0":1,"1":0,"2":3,"3":3},"b":{"0":[1,0],"1":[0,3],"2":[3,0]},"_coverageSchema":"1a1c01bbd47fc00a2c39e90264f33305004495a9","hash":"28dbe56afc92b64f9e871cbc1afd0e74bbe35d18"}
,"C:\\Users\\Prêt maintenant\\Desktop\\M51-cours\\semestre 5\\ArchiOWeb\\parkmeFree\\config\\config.js": {"path":"C:\\Users\\Prêt maintenant\\Desktop\\M51-cours\\semestre 5\\ArchiOWeb\\parkmeFree\\config\\config.js","statementMap":{"0":{"start":{"line":1,"column":15},"end":{"line":3,"column":1}}},"fnMap":{},"branchMap":{},"s":{"0":1},"f":{},"b":{},"_coverageSchema":"1a1c01bbd47fc00a2c39e90264f33305004495a9","hash":"a06eef646c9fb03bc0254740fc63dc2c1ff057e7"}
,"C:\\Users\\Prêt maintenant\\Desktop\\M51-cours\\semestre 5\\ArchiOWeb\\parkmeFree\\config\\onesignal.js": {"path":"C:\\Users\\Prêt maintenant\\Desktop\\M51-cours\\semestre 5\\ArchiOWeb\\parkmeFree\\config\\onesignal.js","statementMap":{"0":{"start":{"line":3,"column":25},"end":{"line":3,"column":63}},"1":{"start":{"line":5,"column":25},"end":{"line":9,"column":1}},"2":{"start":{"line":7,"column":8},"end":{"line":7,"column":131}},"3":{"start":{"line":11,"column":22},"end":{"line":17,"column":2}},"4":{"start":{"line":19,"column":15},"end":{"line":19,"column":54}}},"fnMap":{"0":{"name":"(anonymous_0)","decl":{"start":{"line":6,"column":4},"end":{"line":6,"column":5}},"loc":{"start":{"line":6,"column":15},"end":{"line":8,"column":5}},"line":6}},"branchMap":{},"s":{"0":1,"1":1,"2":0,"3":1,"4":1},"f":{"0":0},"b":{},"_coverageSchema":"1a1c01bbd47fc00a2c39e90264f33305004495a9","hash":"4b2d1d01b351ce616b0765a358d05341cd1627aa"}
,"C:\\Users\\Prêt maintenant\\Desktop\\M51-cours\\semestre 5\\ArchiOWeb\\parkmeFree\\model\\Car.js": {"path":"C:\\Users\\Prêt maintenant\\Desktop\\M51-cours\\semestre 5\\ArchiOWeb\\parkmeFree\\model\\Car.js","statementMap":{"0":{"start":{"line":4,"column":18},"end":{"line":32,"column":2}},"1":{"start":{"line":35,"column":0},"end":{"line":37,"column":3}},"2":{"start":{"line":42,"column":4},"end":{"line":42,"column":20}},"3":{"start":{"line":43,"column":4},"end":{"line":43,"column":16}},"4":{"start":{"line":46,"column":19},"end":{"line":46,"column":42}}},"fnMap":{"0":{"name":"transformJsonCar","decl":{"start":{"line":40,"column":9},"end":{"line":40,"column":25}},"loc":{"start":{"line":40,"column":46},"end":{"line":44,"column":1}},"line":40}},"branchMap":{},"s":{"0":1,"1":1,"2":0,"3":0,"4":1},"f":{"0":0},"b":{},"_coverageSchema":"1a1c01bbd47fc00a2c39e90264f33305004495a9","hash":"3f0f672f66247f90f2cfd4351cf2f40d705a408f"}
,"C:\\Users\\Prêt maintenant\\Desktop\\M51-cours\\semestre 5\\ArchiOWeb\\parkmeFree\\model\\Park.js": {"path":"C:\\Users\\Prêt maintenant\\Desktop\\M51-cours\\semestre 5\\ArchiOWeb\\parkmeFree\\model\\Park.js","statementMap":{"0":{"start":{"line":4,"column":17},"end":{"line":45,"column":2}},"1":{"start":{"line":50,"column":4},"end":{"line":50,"column":123}},"2":{"start":{"line":54,"column":4},"end":{"line":54,"column":39}},"3":{"start":{"line":58,"column":4},"end":{"line":58,"column":41}},"4":{"start":{"line":62,"column":20},"end":{"line":62,"column":45}}},"fnMap":{"0":{"name":"validateGeoJsonCoordinates","decl":{"start":{"line":49,"column":9},"end":{"line":49,"column":35}},"loc":{"start":{"line":49,"column":43},"end":{"line":51,"column":1}},"line":49},"1":{"name":"isLatitude","decl":{"start":{"line":53,"column":9},"end":{"line":53,"column":19}},"loc":{"start":{"line":53,"column":27},"end":{"line":55,"column":1}},"line":53},"2":{"name":"isLongitude","decl":{"start":{"line":57,"column":9},"end":{"line":57,"column":20}},"loc":{"start":{"line":57,"column":28},"end":{"line":59,"column":1}},"line":57}},"branchMap":{"0":{"loc":{"start":{"line":50,"column":11},"end":{"line":50,"column":122}},"type":"binary-expr","locations":[{"start":{"line":50,"column":11},"end":{"line":50,"column":31}},{"start":{"line":50,"column":35},"end":{"line":50,"column":52}},{"start":{"line":50,"column":56},"end":{"line":50,"column":73}},{"start":{"line":50,"column":77},"end":{"line":50,"column":98}},{"start":{"line":50,"column":102},"end":{"line":50,"column":122}}],"line":50},"1":{"loc":{"start":{"line":54,"column":11},"end":{"line":54,"column":38}},"type":"binary-expr","locations":[{"start":{"line":54,"column":11},"end":{"line":54,"column":23}},{"start":{"line":54,"column":27},"end":{"line":54,"column":38}}],"line":54},"2":{"loc":{"start":{"line":58,"column":11},"end":{"line":58,"column":40}},"type":"binary-expr","locations":[{"start":{"line":58,"column":11},"end":{"line":58,"column":24}},{"start":{"line":58,"column":28},"end":{"line":58,"column":40}}],"line":58}},"s":{"0":1,"1":0,"2":0,"3":0,"4":1},"f":{"0":0,"1":0,"2":0},"b":{"0":[0,0,0,0,0],"1":[0,0],"2":[0,0]},"_coverageSchema":"1a1c01bbd47fc00a2c39e90264f33305004495a9","hash":"dd9820e53e208a3d3f50026ab236885a643d9413"}
,"C:\\Users\\Prêt maintenant\\Desktop\\M51-cours\\semestre 5\\ArchiOWeb\\parkmeFree\\model\\ParkingSession.js": {"path":"C:\\Users\\Prêt maintenant\\Desktop\\M51-cours\\semestre 5\\ArchiOWeb\\parkmeFree\\model\\ParkingSession.js","statementMap":{"0":{"start":{"line":4,"column":27},"end":{"line":36,"column":2}},"1":{"start":{"line":40,"column":30},"end":{"line":40,"column":75}}},"fnMap":{},"branchMap":{},"s":{"0":1,"1":1},"f":{},"b":{},"_coverageSchema":"1a1c01bbd47fc00a2c39e90264f33305004495a9","hash":"858e85df8bad991d22248eb142f25d70e618aaf2"}
,"C:\\Users\\Prêt maintenant\\Desktop\\M51-cours\\semestre 5\\ArchiOWeb\\parkmeFree\\model\\User.js": {"path":"C:\\Users\\Prêt maintenant\\Desktop\\M51-cours\\semestre 5\\ArchiOWeb\\parkmeFree\\model\\User.js","statementMap":{"0":{"start":{"line":5,"column":19},"end":{"line":51,"column":2}},"1":{"start":{"line":54,"column":0},"end":{"line":56,"column":3}},"2":{"start":{"line":59,"column":4},"end":{"line":59,"column":25}},"3":{"start":{"line":60,"column":4},"end":{"line":60,"column":20}},"4":{"start":{"line":61,"column":4},"end":{"line":61,"column":16}},"5":{"start":{"line":65,"column":20},"end":{"line":65,"column":45}}},"fnMap":{"0":{"name":"transformJsonUser","decl":{"start":{"line":57,"column":9},"end":{"line":57,"column":26}},"loc":{"start":{"line":57,"column":47},"end":{"line":62,"column":1}},"line":57}},"branchMap":{},"s":{"0":1,"1":1,"2":0,"3":0,"4":0,"5":1},"f":{"0":0},"b":{},"_coverageSchema":"1a1c01bbd47fc00a2c39e90264f33305004495a9","hash":"cb3e0de174e15e7994a2706b83ec49537c4c8699"}
,"C:\\Users\\Prêt maintenant\\Desktop\\M51-cours\\semestre 5\\ArchiOWeb\\parkmeFree\\routes\\cars.js": {"path":"C:\\Users\\Prêt maintenant\\Desktop\\M51-cours\\semestre 5\\ArchiOWeb\\parkmeFree\\routes\\cars.js","statementMap":{"0":{"start":{"line":12,"column":15},"end":{"line":12,"column":31}},"1":{"start":{"line":30,"column":0},"end":{"line":37,"column":3}},"2":{"start":{"line":31,"column":2},"end":{"line":36,"column":5}},"3":{"start":{"line":32,"column":4},"end":{"line":34,"column":5}},"4":{"start":{"line":33,"column":6},"end":{"line":33,"column":23}},"5":{"start":{"line":35,"column":4},"end":{"line":35,"column":31}},"6":{"start":{"line":57,"column":0},"end":{"line":64,"column":3}},"7":{"start":{"line":58,"column":2},"end":{"line":63,"column":5}},"8":{"start":{"line":59,"column":4},"end":{"line":61,"column":5}},"9":{"start":{"line":60,"column":6},"end":{"line":60,"column":23}},"10":{"start":{"line":62,"column":4},"end":{"line":62,"column":30}},"11":{"start":{"line":67,"column":0},"end":{"line":75,"column":3}},"12":{"start":{"line":68,"column":17},"end":{"line":68,"column":34}},"13":{"start":{"line":69,"column":2},"end":{"line":74,"column":5}},"14":{"start":{"line":70,"column":4},"end":{"line":72,"column":5}},"15":{"start":{"line":71,"column":6},"end":{"line":71,"column":23}},"16":{"start":{"line":73,"column":4},"end":{"line":73,"column":35}},"17":{"start":{"line":105,"column":0},"end":{"line":115,"column":3}},"18":{"start":{"line":106,"column":2},"end":{"line":114,"column":5}},"19":{"start":{"line":110,"column":4},"end":{"line":112,"column":5}},"20":{"start":{"line":111,"column":6},"end":{"line":111,"column":23}},"21":{"start":{"line":113,"column":4},"end":{"line":113,"column":37}},"22":{"start":{"line":118,"column":0},"end":{"line":125,"column":3}},"23":{"start":{"line":119,"column":2},"end":{"line":124,"column":5}},"24":{"start":{"line":120,"column":4},"end":{"line":122,"column":5}},"25":{"start":{"line":121,"column":6},"end":{"line":121,"column":23}},"26":{"start":{"line":123,"column":4},"end":{"line":123,"column":37}}},"fnMap":{"0":{"name":"(anonymous_0)","decl":{"start":{"line":30,"column":16},"end":{"line":30,"column":17}},"loc":{"start":{"line":30,"column":42},"end":{"line":37,"column":1}},"line":30},"1":{"name":"(anonymous_1)","decl":{"start":{"line":31,"column":18},"end":{"line":31,"column":19}},"loc":{"start":{"line":31,"column":39},"end":{"line":36,"column":3}},"line":31},"2":{"name":"(anonymous_2)","decl":{"start":{"line":57,"column":19},"end":{"line":57,"column":20}},"loc":{"start":{"line":57,"column":45},"end":{"line":64,"column":1}},"line":57},"3":{"name":"(anonymous_3)","decl":{"start":{"line":58,"column":43},"end":{"line":58,"column":44}},"loc":{"start":{"line":58,"column":63},"end":{"line":63,"column":3}},"line":58},"4":{"name":"(anonymous_4)","decl":{"start":{"line":67,"column":37},"end":{"line":67,"column":38}},"loc":{"start":{"line":67,"column":63},"end":{"line":75,"column":1}},"line":67},"5":{"name":"(anonymous_5)","decl":{"start":{"line":69,"column":14},"end":{"line":69,"column":15}},"loc":{"start":{"line":69,"column":39},"end":{"line":74,"column":3}},"line":69},"6":{"name":"(anonymous_6)","decl":{"start":{"line":105,"column":33},"end":{"line":105,"column":34}},"loc":{"start":{"line":105,"column":59},"end":{"line":115,"column":1}},"line":105},"7":{"name":"(anonymous_7)","decl":{"start":{"line":106,"column":69},"end":{"line":106,"column":70}},"loc":{"start":{"line":109,"column":4},"end":{"line":114,"column":3}},"line":109},"8":{"name":"(anonymous_8)","decl":{"start":{"line":118,"column":36},"end":{"line":118,"column":37}},"loc":{"start":{"line":118,"column":62},"end":{"line":125,"column":1}},"line":118},"9":{"name":"(anonymous_9)","decl":{"start":{"line":119,"column":44},"end":{"line":119,"column":45}},"loc":{"start":{"line":119,"column":71},"end":{"line":124,"column":3}},"line":119}},"branchMap":{"0":{"loc":{"start":{"line":32,"column":4},"end":{"line":34,"column":5}},"type":"if","locations":[{"start":{"line":32,"column":4},"end":{"line":34,"column":5}},{"start":{},"end":{}}],"line":32},"1":{"loc":{"start":{"line":59,"column":4},"end":{"line":61,"column":5}},"type":"if","locations":[{"start":{"line":59,"column":4},"end":{"line":61,"column":5}},{"start":{},"end":{}}],"line":59},"2":{"loc":{"start":{"line":70,"column":4},"end":{"line":72,"column":5}},"type":"if","locations":[{"start":{"line":70,"column":4},"end":{"line":72,"column":5}},{"start":{},"end":{}}],"line":70},"3":{"loc":{"start":{"line":110,"column":4},"end":{"line":112,"column":5}},"type":"if","locations":[{"start":{"line":110,"column":4},"end":{"line":112,"column":5}},{"start":{},"end":{}}],"line":110},"4":{"loc":{"start":{"line":120,"column":4},"end":{"line":122,"column":5}},"type":"if","locations":[{"start":{"line":120,"column":4},"end":{"line":122,"column":5}},{"start":{},"end":{}}],"line":120}},"s":{"0":1,"1":1,"2":0,"3":0,"4":0,"5":0,"6":1,"7":0,"8":0,"9":0,"10":0,"11":1,"12":0,"13":0,"14":0,"15":0,"16":0,"17":1,"18":0,"19":0,"20":0,"21":0,"22":1,"23":0,"24":0,"25":0,"26":0},"f":{"0":0,"1":0,"2":0,"3":0,"4":0,"5":0,"6":0,"7":0,"8":0,"9":0},"b":{"0":[0,0],"1":[0,0],"2":[0,0],"3":[0,0],"4":[0,0]},"_coverageSchema":"1a1c01bbd47fc00a2c39e90264f33305004495a9","hash":"ebe2af6f416e7004cb8dad53046422e342195933"}
,"C:\\Users\\Prêt maintenant\\Desktop\\M51-cours\\semestre 5\\ArchiOWeb\\parkmeFree\\routes\\index.js": {"path":"C:\\Users\\Prêt maintenant\\Desktop\\M51-cours\\semestre 5\\ArchiOWeb\\parkmeFree\\routes\\index.js","statementMap":{"0":{"start":{"line":3,"column":15},"end":{"line":3,"column":31}},"1":{"start":{"line":5,"column":0},"end":{"line":7,"column":3}},"2":{"start":{"line":6,"column":2},"end":{"line":6,"column":41}}},"fnMap":{"0":{"name":"(anonymous_0)","decl":{"start":{"line":5,"column":16},"end":{"line":5,"column":17}},"loc":{"start":{"line":5,"column":42},"end":{"line":7,"column":1}},"line":5}},"branchMap":{},"s":{"0":1,"1":1,"2":0},"f":{"0":0},"b":{},"_coverageSchema":"1a1c01bbd47fc00a2c39e90264f33305004495a9","hash":"486344d2921f42b2d524c2a8002da0e2ef474ad4"}
,"C:\\Users\\Prêt maintenant\\Desktop\\M51-cours\\semestre 5\\ArchiOWeb\\parkmeFree\\routes\\login.js": {"path":"C:\\Users\\Prêt maintenant\\Desktop\\M51-cours\\semestre 5\\ArchiOWeb\\parkmeFree\\routes\\login.js","statementMap":{"0":{"start":{"line":7,"column":15},"end":{"line":7,"column":31}},"1":{"start":{"line":9,"column":18},"end":{"line":9,"column":34}},"2":{"start":{"line":11,"column":0},"end":{"line":41,"column":3}},"3":{"start":{"line":12,"column":4},"end":{"line":40,"column":5}},"4":{"start":{"line":13,"column":8},"end":{"line":37,"column":11}},"5":{"start":{"line":15,"column":12},"end":{"line":17,"column":13}},"6":{"start":{"line":16,"column":16},"end":{"line":16,"column":43}},"7":{"start":{"line":19,"column":12},"end":{"line":34,"column":15}},"8":{"start":{"line":20,"column":16},"end":{"line":24,"column":17}},"9":{"start":{"line":21,"column":20},"end":{"line":21,"column":37}},"10":{"start":{"line":22,"column":23},"end":{"line":24,"column":17}},"11":{"start":{"line":23,"column":20},"end":{"line":23,"column":47}},"12":{"start":{"line":26,"column":28},"end":{"line":26,"column":73}},"13":{"start":{"line":27,"column":32},"end":{"line":27,"column":70}},"14":{"start":{"line":28,"column":16},"end":{"line":33,"column":18}},"15":{"start":{"line":29,"column":20},"end":{"line":31,"column":21}},"16":{"start":{"line":30,"column":24},"end":{"line":30,"column":40}},"17":{"start":{"line":32,"column":20},"end":{"line":32,"column":70}},"18":{"start":{"line":36,"column":12},"end":{"line":36,"column":29}},"19":{"start":{"line":39,"column":8},"end":{"line":39,"column":44}}},"fnMap":{"0":{"name":"(anonymous_0)","decl":{"start":{"line":11,"column":17},"end":{"line":11,"column":18}},"loc":{"start":{"line":11,"column":37},"end":{"line":41,"column":1}},"line":11},"1":{"name":"(anonymous_1)","decl":{"start":{"line":13,"column":59},"end":{"line":13,"column":60}},"loc":{"start":{"line":13,"column":69},"end":{"line":35,"column":9}},"line":13},"2":{"name":"(anonymous_2)","decl":{"start":{"line":19,"column":61},"end":{"line":19,"column":62}},"loc":{"start":{"line":19,"column":83},"end":{"line":34,"column":13}},"line":19},"3":{"name":"(anonymous_3)","decl":{"start":{"line":28,"column":45},"end":{"line":28,"column":46}},"loc":{"start":{"line":28,"column":67},"end":{"line":33,"column":17}},"line":28},"4":{"name":"(anonymous_4)","decl":{"start":{"line":35,"column":17},"end":{"line":35,"column":18}},"loc":{"start":{"line":35,"column":26},"end":{"line":37,"column":9}},"line":35}},"branchMap":{"0":{"loc":{"start":{"line":15,"column":12},"end":{"line":17,"column":13}},"type":"if","locations":[{"start":{"line":15,"column":12},"end":{"line":17,"column":13}},{"start":{},"end":{}}],"line":15},"1":{"loc":{"start":{"line":20,"column":16},"end":{"line":24,"column":17}},"type":"if","locations":[{"start":{"line":20,"column":16},"end":{"line":24,"column":17}},{"start":{"line":22,"column":23},"end":{"line":24,"column":17}}],"line":20},"2":{"loc":{"start":{"line":22,"column":23},"end":{"line":24,"column":17}},"type":"if","locations":[{"start":{"line":22,"column":23},"end":{"line":24,"column":17}},{"start":{},"end":{}}],"line":22},"3":{"loc":{"start":{"line":29,"column":20},"end":{"line":31,"column":21}},"type":"if","locations":[{"start":{"line":29,"column":20},"end":{"line":31,"column":21}},{"start":{},"end":{}}],"line":29}},"s":{"0":1,"1":1,"2":1,"3":0,"4":0,"5":0,"6":0,"7":0,"8":0,"9":0,"10":0,"11":0,"12":0,"13":0,"14":0,"15":0,"16":0,"17":0,"18":0,"19":0},"f":{"0":0,"1":0,"2":0,"3":0,"4":0},"b":{"0":[0,0],"1":[0,0],"2":[0,0],"3":[0,0]},"_coverageSchema":"1a1c01bbd47fc00a2c39e90264f33305004495a9","hash":"6b641f800f03acea38321183abecc475413c16ff"}
,"C:\\Users\\Prêt maintenant\\Desktop\\M51-cours\\semestre 5\\ArchiOWeb\\parkmeFree\\routes\\notifications.js": {"path":"C:\\Users\\Prêt maintenant\\Desktop\\M51-cours\\semestre 5\\ArchiOWeb\\parkmeFree\\routes\\notifications.js","statementMap":{"0":{"start":{"line":5,"column":15},"end":{"line":5,"column":31}},"1":{"start":{"line":7,"column":0},"end":{"line":20,"column":3}},"2":{"start":{"line":8,"column":31},"end":{"line":8,"column":39}},"3":{"start":{"line":10,"column":4},"end":{"line":12,"column":5}},"4":{"start":{"line":11,"column":8},"end":{"line":11,"column":81}},"5":{"start":{"line":14,"column":4},"end":{"line":19,"column":5}},"6":{"start":{"line":15,"column":8},"end":{"line":15,"column":47}},"7":{"start":{"line":16,"column":8},"end":{"line":16,"column":76}},"8":{"start":{"line":18,"column":8},"end":{"line":18,"column":55}}},"fnMap":{"0":{"name":"(anonymous_0)","decl":{"start":{"line":7,"column":21},"end":{"line":7,"column":22}},"loc":{"start":{"line":7,"column":41},"end":{"line":20,"column":1}},"line":7}},"branchMap":{"0":{"loc":{"start":{"line":10,"column":4},"end":{"line":12,"column":5}},"type":"if","locations":[{"start":{"line":10,"column":4},"end":{"line":12,"column":5}},{"start":{},"end":{}}],"line":10},"1":{"loc":{"start":{"line":10,"column":8},"end":{"line":10,"column":26}},"type":"binary-expr","locations":[{"start":{"line":10,"column":8},"end":{"line":10,"column":14}},{"start":{"line":10,"column":18},"end":{"line":10,"column":26}}],"line":10}},"s":{"0":1,"1":1,"2":0,"3":0,"4":0,"5":0,"6":0,"7":0,"8":0},"f":{"0":0},"b":{"0":[0,0],"1":[0,0]},"_coverageSchema":"1a1c01bbd47fc00a2c39e90264f33305004495a9","hash":"91862e518d1eb4d9f3caace96f46d1aa03272427"}
,"C:\\Users\\Prêt maintenant\\Desktop\\M51-cours\\semestre 5\\ArchiOWeb\\parkmeFree\\routes\\parkingSessions.js": {"path":"C:\\Users\\Prêt maintenant\\Desktop\\M51-cours\\semestre 5\\ArchiOWeb\\parkmeFree\\routes\\parkingSessions.js","statementMap":{"0":{"start":{"line":13,"column":15},"end":{"line":13,"column":31}},"1":{"start":{"line":16,"column":0},"end":{"line":23,"column":3}},"2":{"start":{"line":17,"column":2},"end":{"line":22,"column":5}},"3":{"start":{"line":18,"column":4},"end":{"line":20,"column":5}},"4":{"start":{"line":19,"column":6},"end":{"line":19,"column":23}},"5":{"start":{"line":21,"column":4},"end":{"line":21,"column":35}},"6":{"start":{"line":26,"column":0},"end":{"line":33,"column":3}},"7":{"start":{"line":27,"column":2},"end":{"line":32,"column":5}},"8":{"start":{"line":28,"column":4},"end":{"line":30,"column":5}},"9":{"start":{"line":29,"column":6},"end":{"line":29,"column":23}},"10":{"start":{"line":31,"column":4},"end":{"line":31,"column":34}},"11":{"start":{"line":36,"column":0},"end":{"line":44,"column":3}},"12":{"start":{"line":37,"column":21},"end":{"line":37,"column":49}},"13":{"start":{"line":38,"column":2},"end":{"line":43,"column":5}},"14":{"start":{"line":39,"column":4},"end":{"line":41,"column":5}},"15":{"start":{"line":40,"column":6},"end":{"line":40,"column":23}},"16":{"start":{"line":42,"column":4},"end":{"line":42,"column":39}},"17":{"start":{"line":47,"column":0},"end":{"line":54,"column":3}},"18":{"start":{"line":48,"column":2},"end":{"line":53,"column":5}},"19":{"start":{"line":49,"column":4},"end":{"line":51,"column":5}},"20":{"start":{"line":50,"column":6},"end":{"line":50,"column":23}},"21":{"start":{"line":52,"column":4},"end":{"line":52,"column":41}},"22":{"start":{"line":57,"column":0},"end":{"line":64,"column":3}},"23":{"start":{"line":58,"column":2},"end":{"line":63,"column":5}},"24":{"start":{"line":59,"column":4},"end":{"line":61,"column":5}},"25":{"start":{"line":60,"column":6},"end":{"line":60,"column":23}},"26":{"start":{"line":62,"column":4},"end":{"line":62,"column":41}}},"fnMap":{"0":{"name":"(anonymous_0)","decl":{"start":{"line":16,"column":16},"end":{"line":16,"column":17}},"loc":{"start":{"line":16,"column":42},"end":{"line":23,"column":1}},"line":16},"1":{"name":"(anonymous_1)","decl":{"start":{"line":17,"column":29},"end":{"line":17,"column":30}},"loc":{"start":{"line":17,"column":54},"end":{"line":22,"column":3}},"line":17},"2":{"name":"(anonymous_2)","decl":{"start":{"line":26,"column":19},"end":{"line":26,"column":20}},"loc":{"start":{"line":26,"column":45},"end":{"line":33,"column":1}},"line":26},"3":{"name":"(anonymous_3)","decl":{"start":{"line":27,"column":54},"end":{"line":27,"column":55}},"loc":{"start":{"line":27,"column":78},"end":{"line":32,"column":3}},"line":27},"4":{"name":"(anonymous_4)","decl":{"start":{"line":36,"column":31},"end":{"line":36,"column":32}},"loc":{"start":{"line":36,"column":57},"end":{"line":44,"column":1}},"line":36},"5":{"name":"(anonymous_5)","decl":{"start":{"line":38,"column":18},"end":{"line":38,"column":19}},"loc":{"start":{"line":38,"column":47},"end":{"line":43,"column":3}},"line":38},"6":{"name":"(anonymous_6)","decl":{"start":{"line":47,"column":33},"end":{"line":47,"column":34}},"loc":{"start":{"line":47,"column":59},"end":{"line":54,"column":1}},"line":47},"7":{"name":"(anonymous_7)","decl":{"start":{"line":48,"column":80},"end":{"line":48,"column":81}},"loc":{"start":{"line":48,"column":111},"end":{"line":53,"column":3}},"line":48},"8":{"name":"(anonymous_8)","decl":{"start":{"line":57,"column":36},"end":{"line":57,"column":37}},"loc":{"start":{"line":57,"column":62},"end":{"line":64,"column":1}},"line":57},"9":{"name":"(anonymous_9)","decl":{"start":{"line":58,"column":55},"end":{"line":58,"column":56}},"loc":{"start":{"line":58,"column":86},"end":{"line":63,"column":3}},"line":58}},"branchMap":{"0":{"loc":{"start":{"line":18,"column":4},"end":{"line":20,"column":5}},"type":"if","locations":[{"start":{"line":18,"column":4},"end":{"line":20,"column":5}},{"start":{},"end":{}}],"line":18},"1":{"loc":{"start":{"line":28,"column":4},"end":{"line":30,"column":5}},"type":"if","locations":[{"start":{"line":28,"column":4},"end":{"line":30,"column":5}},{"start":{},"end":{}}],"line":28},"2":{"loc":{"start":{"line":39,"column":4},"end":{"line":41,"column":5}},"type":"if","locations":[{"start":{"line":39,"column":4},"end":{"line":41,"column":5}},{"start":{},"end":{}}],"line":39},"3":{"loc":{"start":{"line":49,"column":4},"end":{"line":51,"column":5}},"type":"if","locations":[{"start":{"line":49,"column":4},"end":{"line":51,"column":5}},{"start":{},"end":{}}],"line":49},"4":{"loc":{"start":{"line":59,"column":4},"end":{"line":61,"column":5}},"type":"if","locations":[{"start":{"line":59,"column":4},"end":{"line":61,"column":5}},{"start":{},"end":{}}],"line":59}},"s":{"0":1,"1":1,"2":0,"3":0,"4":0,"5":0,"6":1,"7":0,"8":0,"9":0,"10":0,"11":1,"12":0,"13":0,"14":0,"15":0,"16":0,"17":1,"18":0,"19":0,"20":0,"21":0,"22":1,"23":0,"24":0,"25":0,"26":0},"f":{"0":0,"1":0,"2":0,"3":0,"4":0,"5":0,"6":0,"7":0,"8":0,"9":0},"b":{"0":[0,0],"1":[0,0],"2":[0,0],"3":[0,0],"4":[0,0]},"_coverageSchema":"1a1c01bbd47fc00a2c39e90264f33305004495a9","hash":"51f5c2b8d8229a446384e4a57850ac4fd79f8ef2"}
,"C:\\Users\\Prêt maintenant\\Desktop\\M51-cours\\semestre 5\\ArchiOWeb\\parkmeFree\\routes\\parks.js": {"path":"C:\\Users\\Prêt maintenant\\Desktop\\M51-cours\\semestre 5\\ArchiOWeb\\parkmeFree\\routes\\parks.js","statementMap":{"0":{"start":{"line":14,"column":15},"end":{"line":14,"column":31}},"1":{"start":{"line":17,"column":0},"end":{"line":24,"column":3}},"2":{"start":{"line":18,"column":2},"end":{"line":23,"column":5}},"3":{"start":{"line":19,"column":4},"end":{"line":21,"column":5}},"4":{"start":{"line":20,"column":6},"end":{"line":20,"column":23}},"5":{"start":{"line":22,"column":4},"end":{"line":22,"column":32}},"6":{"start":{"line":27,"column":0},"end":{"line":34,"column":3}},"7":{"start":{"line":28,"column":2},"end":{"line":33,"column":5}},"8":{"start":{"line":29,"column":4},"end":{"line":31,"column":5}},"9":{"start":{"line":30,"column":6},"end":{"line":30,"column":23}},"10":{"start":{"line":32,"column":4},"end":{"line":32,"column":31}},"11":{"start":{"line":37,"column":0},"end":{"line":45,"column":3}},"12":{"start":{"line":38,"column":2},"end":{"line":44,"column":3}},"13":{"start":{"line":39,"column":20},"end":{"line":39,"column":38}},"14":{"start":{"line":40,"column":4},"end":{"line":40,"column":24}},"15":{"start":{"line":41,"column":4},"end":{"line":41,"column":38}},"16":{"start":{"line":43,"column":4},"end":{"line":43,"column":39}},"17":{"start":{"line":48,"column":0},"end":{"line":55,"column":3}},"18":{"start":{"line":49,"column":2},"end":{"line":54,"column":5}},"19":{"start":{"line":50,"column":4},"end":{"line":52,"column":5}},"20":{"start":{"line":51,"column":6},"end":{"line":51,"column":23}},"21":{"start":{"line":53,"column":4},"end":{"line":53,"column":38}},"22":{"start":{"line":58,"column":0},"end":{"line":65,"column":3}},"23":{"start":{"line":59,"column":2},"end":{"line":64,"column":5}},"24":{"start":{"line":60,"column":4},"end":{"line":62,"column":5}},"25":{"start":{"line":61,"column":6},"end":{"line":61,"column":23}},"26":{"start":{"line":63,"column":4},"end":{"line":63,"column":38}}},"fnMap":{"0":{"name":"(anonymous_0)","decl":{"start":{"line":17,"column":16},"end":{"line":17,"column":17}},"loc":{"start":{"line":17,"column":42},"end":{"line":24,"column":1}},"line":17},"1":{"name":"(anonymous_1)","decl":{"start":{"line":18,"column":19},"end":{"line":18,"column":20}},"loc":{"start":{"line":18,"column":41},"end":{"line":23,"column":3}},"line":18},"2":{"name":"(anonymous_2)","decl":{"start":{"line":27,"column":19},"end":{"line":27,"column":20}},"loc":{"start":{"line":27,"column":45},"end":{"line":34,"column":1}},"line":27},"3":{"name":"(anonymous_3)","decl":{"start":{"line":28,"column":44},"end":{"line":28,"column":45}},"loc":{"start":{"line":28,"column":65},"end":{"line":33,"column":3}},"line":28},"4":{"name":"(anonymous_4)","decl":{"start":{"line":37,"column":31},"end":{"line":37,"column":32}},"loc":{"start":{"line":37,"column":51},"end":{"line":45,"column":1}},"line":37},"5":{"name":"(anonymous_5)","decl":{"start":{"line":48,"column":33},"end":{"line":48,"column":34}},"loc":{"start":{"line":48,"column":59},"end":{"line":55,"column":1}},"line":48},"6":{"name":"(anonymous_6)","decl":{"start":{"line":49,"column":70},"end":{"line":49,"column":71}},"loc":{"start":{"line":49,"column":98},"end":{"line":54,"column":3}},"line":49},"7":{"name":"(anonymous_7)","decl":{"start":{"line":58,"column":36},"end":{"line":58,"column":37}},"loc":{"start":{"line":58,"column":62},"end":{"line":65,"column":1}},"line":58},"8":{"name":"(anonymous_8)","decl":{"start":{"line":59,"column":45},"end":{"line":59,"column":46}},"loc":{"start":{"line":59,"column":73},"end":{"line":64,"column":3}},"line":59}},"branchMap":{"0":{"loc":{"start":{"line":19,"column":4},"end":{"line":21,"column":5}},"type":"if","locations":[{"start":{"line":19,"column":4},"end":{"line":21,"column":5}},{"start":{},"end":{}}],"line":19},"1":{"loc":{"start":{"line":29,"column":4},"end":{"line":31,"column":5}},"type":"if","locations":[{"start":{"line":29,"column":4},"end":{"line":31,"column":5}},{"start":{},"end":{}}],"line":29},"2":{"loc":{"start":{"line":50,"column":4},"end":{"line":52,"column":5}},"type":"if","locations":[{"start":{"line":50,"column":4},"end":{"line":52,"column":5}},{"start":{},"end":{}}],"line":50},"3":{"loc":{"start":{"line":60,"column":4},"end":{"line":62,"column":5}},"type":"if","locations":[{"start":{"line":60,"column":4},"end":{"line":62,"column":5}},{"start":{},"end":{}}],"line":60}},"s":{"0":1,"1":1,"2":0,"3":0,"4":0,"5":0,"6":1,"7":0,"8":0,"9":0,"10":0,"11":1,"12":0,"13":0,"14":0,"15":0,"16":0,"17":1,"18":0,"19":0,"20":0,"21":0,"22":1,"23":0,"24":0,"25":0,"26":0},"f":{"0":0,"1":0,"2":0,"3":0,"4":0,"5":0,"6":0,"7":0,"8":0},"b":{"0":[0,0],"1":[0,0],"2":[0,0],"3":[0,0]},"_coverageSchema":"1a1c01bbd47fc00a2c39e90264f33305004495a9","hash":"1181cd1ac05e5979db32c442366b2977a8eb401a"}
,"C:\\Users\\Prêt maintenant\\Desktop\\M51-cours\\semestre 5\\ArchiOWeb\\parkmeFree\\routes\\users.js": {"path":"C:\\Users\\Prêt maintenant\\Desktop\\M51-cours\\semestre 5\\ArchiOWeb\\parkmeFree\\routes\\users.js","statementMap":{"0":{"start":{"line":19,"column":15},"end":{"line":19,"column":31}},"1":{"start":{"line":22,"column":0},"end":{"line":30,"column":3}},"2":{"start":{"line":23,"column":2},"end":{"line":29,"column":3}},"3":{"start":{"line":24,"column":17},"end":{"line":24,"column":35}},"4":{"start":{"line":25,"column":4},"end":{"line":25,"column":22}},"5":{"start":{"line":26,"column":4},"end":{"line":26,"column":35}},"6":{"start":{"line":28,"column":4},"end":{"line":28,"column":40}},"7":{"start":{"line":33,"column":0},"end":{"line":40,"column":3}},"8":{"start":{"line":34,"column":2},"end":{"line":39,"column":3}},"9":{"start":{"line":35,"column":18},"end":{"line":35,"column":42}},"10":{"start":{"line":36,"column":4},"end":{"line":36,"column":32}},"11":{"start":{"line":38,"column":4},"end":{"line":38,"column":14}},"12":{"start":{"line":45,"column":0},"end":{"line":57,"column":3}},"13":{"start":{"line":47,"column":2},"end":{"line":56,"column":5}},"14":{"start":{"line":49,"column":4},"end":{"line":51,"column":5}},"15":{"start":{"line":50,"column":6},"end":{"line":50,"column":23}},"16":{"start":{"line":52,"column":4},"end":{"line":54,"column":5}},"17":{"start":{"line":53,"column":6},"end":{"line":53,"column":65}},"18":{"start":{"line":55,"column":4},"end":{"line":55,"column":31}},"19":{"start":{"line":61,"column":0},"end":{"line":68,"column":3}},"20":{"start":{"line":62,"column":2},"end":{"line":67,"column":3}},"21":{"start":{"line":63,"column":24},"end":{"line":63,"column":99}},"22":{"start":{"line":64,"column":4},"end":{"line":64,"column":38}},"23":{"start":{"line":66,"column":4},"end":{"line":66,"column":14}},"24":{"start":{"line":71,"column":0},"end":{"line":78,"column":3}},"25":{"start":{"line":72,"column":2},"end":{"line":77,"column":3}},"26":{"start":{"line":73,"column":24},"end":{"line":73,"column":74}},"27":{"start":{"line":74,"column":4},"end":{"line":74,"column":38}},"28":{"start":{"line":76,"column":4},"end":{"line":76,"column":14}}},"fnMap":{"0":{"name":"(anonymous_0)","decl":{"start":{"line":22,"column":25},"end":{"line":22,"column":26}},"loc":{"start":{"line":22,"column":45},"end":{"line":30,"column":1}},"line":22},"1":{"name":"(anonymous_1)","decl":{"start":{"line":33,"column":24},"end":{"line":33,"column":25}},"loc":{"start":{"line":33,"column":56},"end":{"line":40,"column":1}},"line":33},"2":{"name":"(anonymous_2)","decl":{"start":{"line":45,"column":33},"end":{"line":45,"column":34}},"loc":{"start":{"line":45,"column":59},"end":{"line":57,"column":1}},"line":45},"3":{"name":"(anonymous_3)","decl":{"start":{"line":47,"column":36},"end":{"line":47,"column":37}},"loc":{"start":{"line":47,"column":57},"end":{"line":56,"column":3}},"line":47},"4":{"name":"(anonymous_4)","decl":{"start":{"line":61,"column":40},"end":{"line":61,"column":41}},"loc":{"start":{"line":61,"column":72},"end":{"line":68,"column":1}},"line":61},"5":{"name":"(anonymous_5)","decl":{"start":{"line":71,"column":28},"end":{"line":71,"column":29}},"loc":{"start":{"line":71,"column":60},"end":{"line":78,"column":1}},"line":71}},"branchMap":{"0":{"loc":{"start":{"line":49,"column":4},"end":{"line":51,"column":5}},"type":"if","locations":[{"start":{"line":49,"column":4},"end":{"line":51,"column":5}},{"start":{},"end":{}}],"line":49},"1":{"loc":{"start":{"line":52,"column":4},"end":{"line":54,"column":5}},"type":"if","locations":[{"start":{"line":52,"column":4},"end":{"line":54,"column":5}},{"start":{},"end":{}}],"line":52}},"s":{"0":1,"1":1,"2":0,"3":0,"4":0,"5":0,"6":0,"7":1,"8":0,"9":0,"10":0,"11":0,"12":1,"13":0,"14":0,"15":0,"16":0,"17":0,"18":0,"19":1,"20":0,"21":0,"22":0,"23":0,"24":1,"25":0,"26":0,"27":0,"28":0},"f":{"0":0,"1":0,"2":0,"3":0,"4":0,"5":0},"b":{"0":[0,0],"1":[0,0]},"_coverageSchema":"1a1c01bbd47fc00a2c39e90264f33305004495a9","hash":"f0d5f0bde2b383ce417e25e27ea60ad5e82a7f9a"}
,"C:\\Users\\Prêt maintenant\\Desktop\\M51-cours\\semestre 5\\ArchiOWeb\\parkmeFree\\spec\\utils.js": {"path":"C:\\Users\\Prêt maintenant\\Desktop\\M51-cours\\semestre 5\\ArchiOWeb\\parkmeFree\\spec\\utils.js","statementMap":{"0":{"start":{"line":7,"column":31},"end":{"line":14,"column":1}},"1":{"start":{"line":8,"column":4},"end":{"line":13,"column":7}},"2":{"start":{"line":19,"column":16},"end":{"line":19,"column":68}},"3":{"start":{"line":20,"column":19},"end":{"line":20,"column":57}},"4":{"start":{"line":21,"column":4},"end":{"line":28,"column":7}},"5":{"start":{"line":22,"column":8},"end":{"line":27,"column":11}},"6":{"start":{"line":23,"column":12},"end":{"line":25,"column":13}},"7":{"start":{"line":24,"column":16},"end":{"line":24,"column":35}},"8":{"start":{"line":26,"column":12},"end":{"line":26,"column":27}}},"fnMap":{"0":{"name":"(anonymous_0)","decl":{"start":{"line":7,"column":31},"end":{"line":7,"column":32}},"loc":{"start":{"line":7,"column":49},"end":{"line":14,"column":1}},"line":7},"1":{"name":"generateValidJwt","decl":{"start":{"line":17,"column":16},"end":{"line":17,"column":32}},"loc":{"start":{"line":17,"column":39},"end":{"line":29,"column":1}},"line":17},"2":{"name":"(anonymous_2)","decl":{"start":{"line":21,"column":23},"end":{"line":21,"column":24}},"loc":{"start":{"line":21,"column":44},"end":{"line":28,"column":5}},"line":21},"3":{"name":"(anonymous_3)","decl":{"start":{"line":22,"column":49},"end":{"line":22,"column":50}},"loc":{"start":{"line":22,"column":71},"end":{"line":27,"column":9}},"line":22}},"branchMap":{"0":{"loc":{"start":{"line":23,"column":12},"end":{"line":25,"column":13}},"type":"if","locations":[{"start":{"line":23,"column":12},"end":{"line":25,"column":13}},{"start":{},"end":{}}],"line":23}},"s":{"0":1,"1":3,"2":0,"3":0,"4":0,"5":0,"6":0,"7":0,"8":0},"f":{"0":3,"1":0,"2":0,"3":0},"b":{"0":[0,0]},"_coverageSchema":"1a1c01bbd47fc00a2c39e90264f33305004495a9","hash":"a7113ff69fdeeb35454f73036e01ec2000fafac7"}
,"C:\\Users\\Prêt maintenant\\Desktop\\M51-cours\\semestre 5\\ArchiOWeb\\parkmeFree\\utils\\auth.js": {"path":"C:\\Users\\Prêt maintenant\\Desktop\\M51-cours\\semestre 5\\ArchiOWeb\\parkmeFree\\utils\\auth.js","statementMap":{"0":{"start":{"line":4,"column":18},"end":{"line":4,"column":34}},"1":{"start":{"line":8,"column":26},"end":{"line":8,"column":50}},"2":{"start":{"line":9,"column":4},"end":{"line":11,"column":5}},"3":{"start":{"line":10,"column":8},"end":{"line":10,"column":71}},"4":{"start":{"line":13,"column":18},"end":{"line":13,"column":54}},"5":{"start":{"line":14,"column":4},"end":{"line":16,"column":5}},"6":{"start":{"line":15,"column":8},"end":{"line":15,"column":82}},"7":{"start":{"line":18,"column":18},"end":{"line":18,"column":26}},"8":{"start":{"line":19,"column":4},"end":{"line":26,"column":7}},"9":{"start":{"line":20,"column":8},"end":{"line":25,"column":9}},"10":{"start":{"line":21,"column":12},"end":{"line":21,"column":80}},"11":{"start":{"line":23,"column":12},"end":{"line":23,"column":44}},"12":{"start":{"line":24,"column":12},"end":{"line":24,"column":19}}},"fnMap":{"0":{"name":"authenticate","decl":{"start":{"line":6,"column":9},"end":{"line":6,"column":21}},"loc":{"start":{"line":6,"column":38},"end":{"line":27,"column":1}},"line":6},"1":{"name":"(anonymous_1)","decl":{"start":{"line":19,"column":33},"end":{"line":19,"column":34}},"loc":{"start":{"line":19,"column":57},"end":{"line":26,"column":5}},"line":19}},"branchMap":{"0":{"loc":{"start":{"line":9,"column":4},"end":{"line":11,"column":5}},"type":"if","locations":[{"start":{"line":9,"column":4},"end":{"line":11,"column":5}},{"start":{},"end":{}}],"line":9},"1":{"loc":{"start":{"line":14,"column":4},"end":{"line":16,"column":5}},"type":"if","locations":[{"start":{"line":14,"column":4},"end":{"line":16,"column":5}},{"start":{},"end":{}}],"line":14},"2":{"loc":{"start":{"line":20,"column":8},"end":{"line":25,"column":9}},"type":"if","locations":[{"start":{"line":20,"column":8},"end":{"line":25,"column":9}},{"start":{"line":22,"column":15},"end":{"line":25,"column":9}}],"line":20}},"s":{"0":1,"1":0,"2":0,"3":0,"4":0,"5":0,"6":0,"7":0,"8":0,"9":0,"10":0,"11":0,"12":0},"f":{"0":0,"1":0},"b":{"0":[0,0],"1":[0,0],"2":[0,0]},"_coverageSchema":"1a1c01bbd47fc00a2c39e90264f33305004495a9","hash":"5723f4b88529ab866da02cc8bf1667ba169576a9"}
,"C:\\Users\\Prêt maintenant\\Desktop\\M51-cours\\semestre 5\\ArchiOWeb\\parkmeFree\\utils\\sendNotification.js": {"path":"C:\\Users\\Prêt maintenant\\Desktop\\M51-cours\\semestre 5\\ArchiOWeb\\parkmeFree\\utils\\sendNotification.js","statementMap":{"0":{"start":{"line":5,"column":25},"end":{"line":19,"column":1}},"1":{"start":{"line":6,"column":25},"end":{"line":6,"column":53}},"2":{"start":{"line":7,"column":4},"end":{"line":7,"column":43}},"3":{"start":{"line":8,"column":4},"end":{"line":8,"column":46}},"4":{"start":{"line":9,"column":4},"end":{"line":11,"column":6}},"5":{"start":{"line":13,"column":4},"end":{"line":18,"column":5}},"6":{"start":{"line":14,"column":23},"end":{"line":14,"column":68}},"7":{"start":{"line":15,"column":8},"end":{"line":15,"column":65}},"8":{"start":{"line":17,"column":8},"end":{"line":17,"column":76}}},"fnMap":{"0":{"name":"(anonymous_0)","decl":{"start":{"line":5,"column":25},"end":{"line":5,"column":26}},"loc":{"start":{"line":5,"column":51},"end":{"line":19,"column":1}},"line":5}},"branchMap":{},"s":{"0":1,"1":0,"2":0,"3":0,"4":0,"5":0,"6":0,"7":0,"8":0},"f":{"0":0},"b":{},"_coverageSchema":"1a1c01bbd47fc00a2c39e90264f33305004495a9","hash":"fa3d0e9752e4cae32732ac0ad102f79fce483bb1"}
}
