TN:
SF:app.js
FN:18,(anonymous_0)
FN:19,(anonymous_1)
FN:50,(anonymous_2)
FN:55,(anonymous_3)
FNF:4
FNH:2
FNDA:2,(anonymous_0)
FNDA:0,(anonymous_1)
FNDA:0,(anonymous_2)
FNDA:2,(anonymous_3)
DA:16,2
DA:18,2
DA:19,0
DA:21,2
DA:24,2
DA:25,2
DA:33,2
DA:35,2
DA:36,2
DA:37,2
DA:39,2
DA:40,2
DA:41,2
DA:42,2
DA:43,2
DA:44,2
DA:45,2
DA:50,2
DA:51,0
DA:55,2
DA:57,2
DA:58,2
DA:61,2
DA:62,2
LF:24
LH:22
BRDA:17,0,0,2
BRDA:17,0,1,0
BRDA:58,1,0,0
BRDA:58,1,1,2
BRDA:61,2,0,2
BRDA:61,2,1,2
BRF:6
BRH:4
end_of_record
TN:
SF:config\cloudinaryConfig.js
FNF:0
FNH:0
DA:3,2
LF:1
LH:1
BRF:0
BRH:0
end_of_record
TN:
SF:config\config.js
FNF:0
FNH:0
DA:1,2
LF:1
LH:1
BRF:0
BRH:0
end_of_record
TN:
SF:config\onesignal.js
FN:6,(anonymous_0)
FNF:1
FNH:0
FNDA:0,(anonymous_0)
DA:3,2
DA:5,2
DA:7,0
DA:11,2
DA:19,2
LF:5
LH:4
BRF:0
BRH:0
end_of_record
TN:
SF:model\Car.js
FN:38,transformJsonCar
FNF:1
FNH:1
FNDA:7,transformJsonCar
DA:4,2
DA:34,2
DA:40,7
DA:41,7
DA:43,2
LF:5
LH:5
BRF:0
BRH:0
end_of_record
TN:
SF:model\Park.js
FN:48,validateGeoJsonCoordinates
FN:52,isLatitude
FN:56,isLongitude
FNF:3
FNH:0
FNDA:0,validateGeoJsonCoordinates
FNDA:0,isLatitude
FNDA:0,isLongitude
DA:4,2
DA:49,0
DA:53,0
DA:57,0
DA:61,2
LF:5
LH:2
BRDA:49,0,0,0
BRDA:49,0,1,0
BRDA:49,0,2,0
BRDA:49,0,3,0
BRDA:49,0,4,0
BRDA:53,1,0,0
BRDA:53,1,1,0
BRDA:57,2,0,0
BRDA:57,2,1,0
BRF:9
BRH:0
end_of_record
TN:
SF:model\ParkingSession.js
FN:43,validateGeoJsonCoordinates
FN:47,isLatitude
FN:51,isLongitude
FNF:3
FNH:0
FNDA:0,validateGeoJsonCoordinates
FNDA:0,isLatitude
FNDA:0,isLongitude
DA:4,2
DA:44,0
DA:48,0
DA:52,0
DA:57,2
LF:5
LH:2
BRDA:44,0,0,0
BRDA:44,0,1,0
BRDA:44,0,2,0
BRDA:44,0,3,0
BRDA:44,0,4,0
BRDA:48,1,0,0
BRDA:48,1,1,0
BRDA:52,2,0,0
BRDA:52,2,1,0
BRF:9
BRH:0
end_of_record
TN:
SF:model\User.js
FN:64,transformJsonUser
FNF:1
FNH:1
FNDA:3,transformJsonUser
DA:7,2
DA:61,2
DA:67,3
DA:68,3
DA:72,2
LF:5
LH:5
BRF:0
BRH:0
end_of_record
TN:
SF:routes\cars.js
FN:41,(anonymous_0)
FN:92,(anonymous_1)
FN:143,(anonymous_2)
FN:191,(anonymous_3)
FN:237,(anonymous_4)
FNF:5
FNH:2
FNDA:2,(anonymous_0)
FNDA:2,(anonymous_1)
FNDA:0,(anonymous_2)
FNDA:0,(anonymous_3)
FNDA:0,(anonymous_4)
DA:4,2
DA:41,2
DA:42,2
DA:43,2
DA:44,2
DA:46,0
DA:92,2
DA:93,2
DA:94,2
DA:95,1
DA:96,0
DA:98,1
DA:100,1
DA:143,2
DA:144,0
DA:145,0
DA:146,0
DA:147,0
DA:148,0
DA:150,0
DA:151,0
DA:191,2
DA:192,0
DA:193,0
DA:197,0
DA:198,0
DA:200,0
DA:202,0
DA:237,2
DA:238,0
DA:239,0
DA:240,0
DA:241,0
DA:243,0
DA:245,0
LF:35
LH:14
BRDA:95,0,0,0
BRDA:95,0,1,1
BRDA:197,1,0,0
BRDA:197,1,1,0
BRDA:240,2,0,0
BRDA:240,2,1,0
BRF:6
BRH:1
end_of_record
TN:
SF:routes\index.js
FN:21,(anonymous_0)
FNF:1
FNH:0
FNDA:0,(anonymous_0)
DA:3,2
DA:21,2
DA:22,0
LF:3
LH:2
BRF:0
BRH:0
end_of_record
TN:
SF:routes\login.js
FN:41,(anonymous_0)
FN:48,(anonymous_1)
FN:58,(anonymous_2)
FNF:3
FNH:0
FNDA:0,(anonymous_0)
FNDA:0,(anonymous_1)
FNDA:0,(anonymous_2)
DA:7,2
DA:9,2
DA:41,2
DA:42,0
DA:43,0
DA:44,0
DA:45,0
DA:48,0
DA:49,0
DA:50,0
DA:51,0
DA:52,0
DA:56,0
DA:57,0
DA:58,0
DA:59,0
DA:60,0
DA:64,0
DA:68,0
LF:19
LH:3
BRDA:44,0,0,0
BRDA:44,0,1,0
BRDA:49,1,0,0
BRDA:49,1,1,0
BRDA:51,2,0,0
BRDA:51,2,1,0
BRDA:59,3,0,0
BRDA:59,3,1,0
BRF:8
BRH:0
end_of_record
TN:
SF:routes\notifications.js
FN:35,(anonymous_0)
FNF:1
FNH:0
FNDA:0,(anonymous_0)
DA:5,2
DA:35,2
DA:36,0
DA:38,0
DA:39,0
DA:42,0
DA:43,0
DA:44,0
DA:46,0
LF:9
LH:2
BRDA:38,0,0,0
BRDA:38,0,1,0
BRDA:38,1,0,0
BRDA:38,1,1,0
BRF:4
BRH:0
end_of_record
TN:
SF:routes\parkingSessions.js
FN:47,(anonymous_0)
FN:98,(anonymous_1)
FN:156,(anonymous_2)
FN:217,(anonymous_3)
FN:277,(anonymous_4)
FNF:5
FNH:0
FNDA:0,(anonymous_0)
FNDA:0,(anonymous_1)
FNDA:0,(anonymous_2)
FNDA:0,(anonymous_3)
FNDA:0,(anonymous_4)
DA:4,2
DA:47,2
DA:48,0
DA:49,0
DA:50,0
DA:52,0
DA:98,2
DA:99,0
DA:100,0
DA:101,0
DA:103,0
DA:156,2
DA:157,0
DA:158,0
DA:159,0
DA:160,0
DA:162,0
DA:217,2
DA:218,0
DA:219,0
DA:227,0
DA:229,0
DA:277,2
DA:278,0
DA:279,0
DA:282,0
DA:284,0
LF:27
LH:6
BRF:0
BRH:0
end_of_record
TN:
SF:routes\parks.js
FN:62,(anonymous_0)
FN:144,(anonymous_1)
FN:205,(anonymous_2)
FN:207,(anonymous_3)
FN:278,(anonymous_4)
FN:337,(anonymous_5)
FNF:6
FNH:0
FNDA:0,(anonymous_0)
FNDA:0,(anonymous_1)
FNDA:0,(anonymous_2)
FNDA:0,(anonymous_3)
FNDA:0,(anonymous_4)
FNDA:0,(anonymous_5)
DA:17,2
DA:62,2
DA:63,0
DA:64,0
DA:67,0
DA:69,0
DA:70,0
DA:72,0
DA:73,0
DA:75,0
DA:76,0
DA:78,0
DA:79,0
DA:81,0
DA:82,0
DA:85,0
DA:86,0
DA:88,0
DA:144,2
DA:145,0
DA:146,0
DA:147,0
DA:148,0
DA:150,0
DA:152,0
DA:205,2
DA:206,0
DA:207,0
DA:208,0
DA:209,0
DA:211,0
DA:212,0
DA:215,0
DA:219,0
DA:220,0
DA:222,0
DA:278,2
DA:279,0
DA:280,0
DA:284,0
DA:285,0
DA:287,0
DA:289,0
DA:337,2
DA:338,0
DA:339,0
DA:340,0
DA:341,0
DA:343,0
DA:345,0
LF:50
LH:6
BRDA:69,0,0,0
BRDA:69,0,1,0
BRDA:72,1,0,0
BRDA:72,1,1,0
BRDA:75,2,0,0
BRDA:75,2,1,0
BRDA:78,3,0,0
BRDA:78,3,1,0
BRDA:81,4,0,0
BRDA:81,4,1,0
BRDA:147,5,0,0
BRDA:147,5,1,0
BRDA:208,6,0,0
BRDA:208,6,1,0
BRDA:284,7,0,0
BRDA:284,7,1,0
BRDA:340,8,0,0
BRDA:340,8,1,0
BRF:18
BRH:0
end_of_record
TN:
SF:routes\users.js
FN:62,(anonymous_0)
FN:74,(anonymous_1)
FN:91,(anonymous_2)
FN:147,(anonymous_3)
FN:202,(anonymous_4)
FN:265,(anonymous_5)
FN:321,(anonymous_6)
FNF:7
FNH:6
FNDA:3,(anonymous_0)
FNDA:2,(anonymous_1)
FNDA:1,(anonymous_2)
FNDA:0,(anonymous_3)
FNDA:2,(anonymous_4)
FNDA:1,(anonymous_5)
FNDA:1,(anonymous_6)
DA:8,2
DA:9,2
DA:62,2
DA:63,3
DA:64,3
DA:67,3
DA:68,3
DA:69,1
DA:73,2
DA:74,2
DA:75,2
DA:76,0
DA:80,2
DA:85,2
DA:86,2
DA:89,1
DA:90,1
DA:91,1
DA:92,1
DA:93,0
DA:95,1
DA:98,1
DA:102,0
DA:147,2
DA:149,0
DA:150,0
DA:152,0
DA:153,0
DA:154,0
DA:156,0
DA:202,2
DA:203,2
DA:204,2
DA:205,1
DA:206,0
DA:208,1
DA:210,1
DA:265,2
DA:266,1
DA:267,1
DA:271,1
DA:273,0
DA:321,2
DA:322,1
DA:323,1
DA:325,1
DA:327,0
LF:47
LH:35
BRDA:68,0,0,1
BRDA:68,0,1,2
BRDA:75,1,0,0
BRDA:75,1,1,2
BRDA:92,2,0,0
BRDA:92,2,1,1
BRDA:149,3,0,0
BRDA:149,3,1,0
BRDA:205,4,0,0
BRDA:205,4,1,1
BRF:10
BRH:5
end_of_record
TN:
SF:spec\utils.js
FN:10,(anonymous_0)
FN:20,generateValidJwt
FN:24,(anonymous_2)
FN:25,(anonymous_3)
FNF:4
FNH:4
FNDA:11,(anonymous_0)
FNDA:5,generateValidJwt
FNDA:5,(anonymous_2)
FNDA:5,(anonymous_3)
DA:8,2
DA:10,2
DA:11,11
DA:22,5
DA:23,5
DA:24,5
DA:25,5
DA:26,5
DA:27,0
DA:29,5
LF:10
LH:9
BRDA:26,0,0,0
BRDA:26,0,1,5
BRF:2
BRH:1
end_of_record
TN:
SF:utils\auth.js
FN:6,authenticate
FN:19,(anonymous_1)
FNF:2
FNH:2
FNDA:4,authenticate
FNDA:4,(anonymous_1)
DA:4,2
DA:8,4
DA:9,4
DA:10,0
DA:13,4
DA:14,4
DA:15,0
DA:18,4
DA:19,4
DA:20,4
DA:21,0
DA:23,4
DA:24,4
LF:13
LH:10
BRDA:9,0,0,0
BRDA:9,0,1,4
BRDA:14,1,0,0
BRDA:14,1,1,4
BRDA:20,2,0,0
BRDA:20,2,1,4
BRF:6
BRH:3
end_of_record
TN:
SF:utils\sendNotification.js
FN:5,(anonymous_0)
FNF:1
FNH:0
FNDA:0,(anonymous_0)
DA:5,2
DA:6,0
DA:7,0
DA:8,0
DA:9,0
DA:13,0
DA:14,0
DA:15,0
DA:17,0
LF:9
LH:1
BRF:0
BRH:0
end_of_record
